nohup: ignoring input
Cpp extension not loaded
>>SEED: 2023
loading [./datasets/yelp2018]
1237259 interactions for training
324147 interactions for testing
yelp2018 Sparsity : 0.0012958757851778647
yelp2018 is ready to go
use NORMAL distribution initilizer
loading adjacency matrix
successfully loaded...
don't split the matrix
lgn is already to go(dropout:0)
load and save to ./checkpoints/lgn-yelp2018-3-64.pth.tar
[TEST]
{'precision': array([0.00023999]), 'recall': array([0.00043929]), 'ndcg': array([0.00034808])}
EPOCH[1/1000] loss0.503-|Sample:17.04|
EPOCH[2/1000] loss0.248-|Sample:16.99|
EPOCH[3/1000] loss0.221-|Sample:17.98|
EPOCH[4/1000] loss0.198-|Sample:15.80|
EPOCH[5/1000] loss0.188-|Sample:15.41|
EPOCH[6/1000] loss0.184-|Sample:18.83|
EPOCH[7/1000] loss0.181-|Sample:16.92|
EPOCH[8/1000] loss0.179-|Sample:17.86|
EPOCH[9/1000] loss0.177-|Sample:17.60|
EPOCH[10/1000] loss0.177-|Sample:17.78|
[TEST]
{'precision': array([0.01539567]), 'recall': array([0.03344645]), 'ndcg': array([0.02695234])}
EPOCH[11/1000] loss0.176-|Sample:18.18|
EPOCH[12/1000] loss0.173-|Sample:17.48|
EPOCH[13/1000] loss0.170-|Sample:16.58|
EPOCH[14/1000] loss0.168-|Sample:15.84|
EPOCH[15/1000] loss0.166-|Sample:15.93|
EPOCH[16/1000] loss0.165-|Sample:16.54|
EPOCH[17/1000] loss0.163-|Sample:16.26|
EPOCH[18/1000] loss0.163-|Sample:15.30|
EPOCH[19/1000] loss0.162-|Sample:16.52|
EPOCH[20/1000] loss0.161-|Sample:19.63|
[TEST]
{'precision': array([0.01730927]), 'recall': array([0.03727689]), 'ndcg': array([0.03076842])}
EPOCH[21/1000] loss0.161-|Sample:18.56|
EPOCH[22/1000] loss0.161-|Sample:17.00|
EPOCH[23/1000] loss0.160-|Sample:17.16|
EPOCH[24/1000] loss0.161-|Sample:16.30|
EPOCH[25/1000] loss0.160-|Sample:15.94|
EPOCH[26/1000] loss0.160-|Sample:16.47|
EPOCH[27/1000] loss0.159-|Sample:15.75|
EPOCH[28/1000] loss0.159-|Sample:16.00|
EPOCH[29/1000] loss0.159-|Sample:16.48|
EPOCH[30/1000] loss0.159-|Sample:17.07|
[TEST]
{'precision': array([0.01774188]), 'recall': array([0.03813297]), 'ndcg': array([0.03113556])}
EPOCH[31/1000] loss0.158-|Sample:19.40|
EPOCH[32/1000] loss0.157-|Sample:17.65|
EPOCH[33/1000] loss0.157-|Sample:16.81|
EPOCH[34/1000] loss0.157-|Sample:17.09|
EPOCH[35/1000] loss0.157-|Sample:16.52|
EPOCH[36/1000] loss0.156-|Sample:19.05|
EPOCH[37/1000] loss0.156-|Sample:18.07|
EPOCH[38/1000] loss0.155-|Sample:17.52|
EPOCH[39/1000] loss0.156-|Sample:19.15|
EPOCH[40/1000] loss0.155-|Sample:17.53|
[TEST]
{'precision': array([0.0183087]), 'recall': array([0.03968564]), 'ndcg': array([0.03236368])}
EPOCH[41/1000] loss0.155-|Sample:16.59|
EPOCH[42/1000] loss0.155-|Sample:16.85|
EPOCH[43/1000] loss0.155-|Sample:16.58|
EPOCH[44/1000] loss0.154-|Sample:16.65|
EPOCH[45/1000] loss0.154-|Sample:17.22|
EPOCH[46/1000] loss0.153-|Sample:15.68|
EPOCH[47/1000] loss0.154-|Sample:15.18|
EPOCH[48/1000] loss0.154-|Sample:16.68|
EPOCH[49/1000] loss0.153-|Sample:20.27|
EPOCH[50/1000] loss0.153-|Sample:18.79|
[TEST]
{'precision': array([0.01795977]), 'recall': array([0.0391548]), 'ndcg': array([0.03226425])}
EPOCH[51/1000] loss0.153-|Sample:16.48|
EPOCH[52/1000] loss0.152-|Sample:16.80|
EPOCH[53/1000] loss0.153-|Sample:16.81|
EPOCH[54/1000] loss0.153-|Sample:17.33|
EPOCH[55/1000] loss0.153-|Sample:16.16|
EPOCH[56/1000] loss0.153-|Sample:15.89|
EPOCH[57/1000] loss0.153-|Sample:16.42|
EPOCH[58/1000] loss0.153-|Sample:16.60|
EPOCH[59/1000] loss0.152-|Sample:16.78|
EPOCH[60/1000] loss0.152-|Sample:16.37|
[TEST]
{'precision': array([0.01852501]), 'recall': array([0.04022055]), 'ndcg': array([0.0328605])}
EPOCH[61/1000] loss0.153-|Sample:16.76|
EPOCH[62/1000] loss0.152-|Sample:16.43|
EPOCH[63/1000] loss0.152-|Sample:15.34|
EPOCH[64/1000] loss0.152-|Sample:17.34|
EPOCH[65/1000] loss0.152-|Sample:15.50|
EPOCH[66/1000] loss0.152-|Sample:16.55|
EPOCH[67/1000] loss0.152-|Sample:17.11|
EPOCH[68/1000] loss0.152-|Sample:16.59|
EPOCH[69/1000] loss0.152-|Sample:17.18|
EPOCH[70/1000] loss0.152-|Sample:17.81|
[TEST]
{'precision': array([0.0182266]), 'recall': array([0.03977835]), 'ndcg': array([0.03238379])}
EPOCH[71/1000] loss0.152-|Sample:15.86|
EPOCH[72/1000] loss0.152-|Sample:15.90|
EPOCH[73/1000] loss0.151-|Sample:15.63|
EPOCH[74/1000] loss0.151-|Sample:16.06|
EPOCH[75/1000] loss0.152-|Sample:17.04|
EPOCH[76/1000] loss0.151-|Sample:17.10|
EPOCH[77/1000] loss0.151-|Sample:16.39|
EPOCH[78/1000] loss0.151-|Sample:16.53|
EPOCH[79/1000] loss0.151-|Sample:16.50|
EPOCH[80/1000] loss0.151-|Sample:15.54|
[TEST]
{'precision': array([0.01849343]), 'recall': array([0.04027987]), 'ndcg': array([0.03302583])}
EPOCH[81/1000] loss0.151-|Sample:15.84|
EPOCH[82/1000] loss0.151-|Sample:16.66|
EPOCH[83/1000] loss0.151-|Sample:17.70|
EPOCH[84/1000] loss0.151-|Sample:18.62|
EPOCH[85/1000] loss0.150-|Sample:16.15|
EPOCH[86/1000] loss0.151-|Sample:16.47|
EPOCH[87/1000] loss0.150-|Sample:16.91|
EPOCH[88/1000] loss0.151-|Sample:17.24|
EPOCH[89/1000] loss0.151-|Sample:15.76|
EPOCH[90/1000] loss0.151-|Sample:15.79|
[TEST]
{'precision': array([0.01838923]), 'recall': array([0.03997368]), 'ndcg': array([0.03286718])}
EPOCH[91/1000] loss0.151-|Sample:16.66|
EPOCH[92/1000] loss0.151-|Sample:16.51|
EPOCH[93/1000] loss0.151-|Sample:17.06|
EPOCH[94/1000] loss0.151-|Sample:16.59|
EPOCH[95/1000] loss0.151-|Sample:16.40|
EPOCH[96/1000] loss0.151-|Sample:16.42|
EPOCH[97/1000] loss0.150-|Sample:16.11|
EPOCH[98/1000] loss0.150-|Sample:17.57|
EPOCH[99/1000] loss0.151-|Sample:16.85|
EPOCH[100/1000] loss0.151-|Sample:16.51|
[TEST]
{'precision': array([0.01865448]), 'recall': array([0.040498]), 'ndcg': array([0.0329707])}
EPOCH[101/1000] loss0.151-|Sample:16.19|
EPOCH[102/1000] loss0.151-|Sample:16.78|
EPOCH[103/1000] loss0.151-|Sample:15.33|
EPOCH[104/1000] loss0.151-|Sample:17.40|
EPOCH[105/1000] loss0.150-|Sample:15.52|
EPOCH[106/1000] loss0.151-|Sample:16.61|
EPOCH[107/1000] loss0.150-|Sample:17.20|
EPOCH[108/1000] loss0.150-|Sample:16.92|
EPOCH[109/1000] loss0.151-|Sample:15.87|
EPOCH[110/1000] loss0.150-|Sample:16.16|
[TEST]
{'precision': array([0.01835133]), 'recall': array([0.03988678]), 'ndcg': array([0.03270383])}
EPOCH[111/1000] loss0.151-|Sample:17.19|
EPOCH[112/1000] loss0.150-|Sample:16.07|
EPOCH[113/1000] loss0.150-|Sample:17.94|
EPOCH[114/1000] loss0.151-|Sample:15.43|
EPOCH[115/1000] loss0.151-|Sample:15.90|
EPOCH[116/1000] loss0.151-|Sample:15.76|
EPOCH[117/1000] loss0.150-|Sample:16.20|
EPOCH[118/1000] loss0.150-|Sample:16.92|
EPOCH[119/1000] loss0.150-|Sample:16.21|
EPOCH[120/1000] loss0.150-|Sample:16.71|
[TEST]
{'precision': array([0.0185329]), 'recall': array([0.04036312]), 'ndcg': array([0.03310695])}
EPOCH[121/1000] loss0.151-|Sample:15.60|
EPOCH[122/1000] loss0.149-|Sample:16.30|
EPOCH[123/1000] loss0.149-|Sample:16.39|
EPOCH[124/1000] loss0.151-|Sample:17.20|
EPOCH[125/1000] loss0.150-|Sample:18.06|
EPOCH[126/1000] loss0.150-|Sample:15.60|
EPOCH[127/1000] loss0.150-|Sample:16.01|
EPOCH[128/1000] loss0.150-|Sample:16.43|
EPOCH[129/1000] loss0.150-|Sample:16.59|
EPOCH[130/1000] loss0.150-|Sample:15.38|
[TEST]
{'precision': array([0.01859448]), 'recall': array([0.04079964]), 'ndcg': array([0.0331708])}
EPOCH[131/1000] loss0.150-|Sample:15.82|
EPOCH[132/1000] loss0.150-|Sample:16.55|
EPOCH[133/1000] loss0.150-|Sample:16.43|
EPOCH[134/1000] loss0.150-|Sample:16.47|
EPOCH[135/1000] loss0.150-|Sample:16.55|
EPOCH[136/1000] loss0.150-|Sample:15.72|
EPOCH[137/1000] loss0.150-|Sample:15.74|
EPOCH[138/1000] loss0.150-|Sample:16.35|
EPOCH[139/1000] loss0.150-|Sample:17.39|
EPOCH[140/1000] loss0.150-|Sample:17.84|
[TEST]
{'precision': array([0.01892762]), 'recall': array([0.04131236]), 'ndcg': array([0.03356679])}
EPOCH[141/1000] loss0.150-|Sample:16.80|
EPOCH[142/1000] loss0.149-|Sample:16.53|
EPOCH[143/1000] loss0.150-|Sample:16.79|
EPOCH[144/1000] loss0.150-|Sample:17.08|
EPOCH[145/1000] loss0.150-|Sample:15.70|
EPOCH[146/1000] loss0.150-|Sample:15.72|
EPOCH[147/1000] loss0.150-|Sample:16.56|
EPOCH[148/1000] loss0.150-|Sample:17.04|
EPOCH[149/1000] loss0.149-|Sample:17.00|
EPOCH[150/1000] loss0.150-|Sample:16.87|
[TEST]
{'precision': array([0.01892131]), 'recall': array([0.04129202]), 'ndcg': array([0.03370574])}
EPOCH[151/1000] loss0.149-|Sample:16.86|
EPOCH[152/1000] loss0.150-|Sample:16.56|
EPOCH[153/1000] loss0.150-|Sample:15.98|
EPOCH[154/1000] loss0.150-|Sample:17.11|
EPOCH[155/1000] loss0.150-|Sample:15.75|
EPOCH[156/1000] loss0.149-|Sample:16.43|
EPOCH[157/1000] loss0.150-|Sample:18.19|
EPOCH[158/1000] loss0.150-|Sample:17.49|
EPOCH[159/1000] loss0.149-|Sample:16.29|
EPOCH[160/1000] loss0.150-|Sample:16.90|
[TEST]
{'precision': array([0.01867342]), 'recall': array([0.04074358]), 'ndcg': array([0.03333898])}
EPOCH[161/1000] loss0.150-|Sample:17.58|
EPOCH[162/1000] loss0.150-|Sample:16.88|
EPOCH[163/1000] loss0.149-|Sample:18.77|
EPOCH[164/1000] loss0.149-|Sample:15.99|
EPOCH[165/1000] loss0.150-|Sample:15.69|
EPOCH[166/1000] loss0.149-|Sample:15.75|
EPOCH[167/1000] loss0.150-|Sample:16.61|
EPOCH[168/1000] loss0.150-|Sample:16.69|
EPOCH[169/1000] loss0.149-|Sample:16.64|
EPOCH[170/1000] loss0.149-|Sample:17.40|
[TEST]
{'precision': array([0.01888184]), 'recall': array([0.04118858]), 'ndcg': array([0.03353358])}
EPOCH[171/1000] loss0.150-|Sample:16.02|
EPOCH[172/1000] loss0.149-|Sample:15.93|
EPOCH[173/1000] loss0.149-|Sample:17.25|
EPOCH[174/1000] loss0.149-|Sample:17.60|
EPOCH[175/1000] loss0.149-|Sample:18.79|
EPOCH[176/1000] loss0.149-|Sample:16.06|
EPOCH[177/1000] loss0.150-|Sample:15.74|
EPOCH[178/1000] loss0.150-|Sample:16.69|
EPOCH[179/1000] loss0.149-|Sample:17.05|
EPOCH[180/1000] loss0.150-|Sample:16.19|
[TEST]
{'precision': array([0.01914235]), 'recall': array([0.04186704]), 'ndcg': array([0.03410223])}
EPOCH[181/1000] loss0.149-|Sample:15.76|
EPOCH[182/1000] loss0.149-|Sample:16.83|
EPOCH[183/1000] loss0.149-|Sample:16.85|
EPOCH[184/1000] loss0.149-|Sample:16.47|
EPOCH[185/1000] loss0.149-|Sample:18.00|
EPOCH[186/1000] loss0.150-|Sample:15.72|
EPOCH[187/1000] loss0.149-|Sample:16.52|
EPOCH[188/1000] loss0.149-|Sample:16.85|
EPOCH[189/1000] loss0.150-|Sample:17.08|
EPOCH[190/1000] loss0.149-|Sample:17.33|
[TEST]
{'precision': array([0.01875395]), 'recall': array([0.04090762]), 'ndcg': array([0.03336669])}
EPOCH[191/1000] loss0.149-|Sample:16.82|
EPOCH[192/1000] loss0.150-|Sample:16.66|
EPOCH[193/1000] loss0.149-|Sample:16.83|
EPOCH[194/1000] loss0.149-|Sample:16.85|
EPOCH[195/1000] loss0.148-|Sample:16.05|
EPOCH[196/1000] loss0.149-|Sample:16.10|
EPOCH[197/1000] loss0.149-|Sample:16.49|
EPOCH[198/1000] loss0.149-|Sample:17.55|
EPOCH[199/1000] loss0.149-|Sample:16.92|
EPOCH[200/1000] loss0.149-|Sample:17.14|
[TEST]
{'precision': array([0.0189892]), 'recall': array([0.04135884]), 'ndcg': array([0.03347535])}
EPOCH[201/1000] loss0.149-|Sample:17.19|
EPOCH[202/1000] loss0.149-|Sample:17.15|
EPOCH[203/1000] loss0.149-|Sample:16.36|
EPOCH[204/1000] loss0.149-|Sample:17.48|
EPOCH[205/1000] loss0.149-|Sample:15.85|
EPOCH[206/1000] loss0.149-|Sample:16.37|
EPOCH[207/1000] loss0.149-|Sample:17.44|
EPOCH[208/1000] loss0.149-|Sample:17.45|
EPOCH[209/1000] loss0.149-|Sample:16.27|
EPOCH[210/1000] loss0.149-|Sample:16.47|
[TEST]
{'precision': array([0.01922919]), 'recall': array([0.04194163]), 'ndcg': array([0.03394042])}
EPOCH[211/1000] loss0.149-|Sample:17.50|
EPOCH[212/1000] loss0.149-|Sample:17.62|
EPOCH[213/1000] loss0.149-|Sample:17.94|
EPOCH[214/1000] loss0.149-|Sample:15.98|
EPOCH[215/1000] loss0.149-|Sample:16.31|
EPOCH[216/1000] loss0.149-|Sample:16.22|
EPOCH[217/1000] loss0.149-|Sample:16.94|
EPOCH[218/1000] loss0.149-|Sample:16.40|
EPOCH[219/1000] loss0.149-|Sample:17.14|
EPOCH[220/1000] loss0.148-|Sample:16.75|
[TEST]
{'precision': array([0.0189592]), 'recall': array([0.04158064]), 'ndcg': array([0.03377117])}
EPOCH[221/1000] loss0.149-|Sample:16.06|
EPOCH[222/1000] loss0.148-|Sample:16.06|
EPOCH[223/1000] loss0.148-|Sample:16.91|
EPOCH[224/1000] loss0.149-|Sample:17.82|
EPOCH[225/1000] loss0.149-|Sample:18.30|
EPOCH[226/1000] loss0.149-|Sample:16.96|
EPOCH[227/1000] loss0.149-|Sample:16.49|
EPOCH[228/1000] loss0.149-|Sample:16.84|
EPOCH[229/1000] loss0.149-|Sample:17.05|
EPOCH[230/1000] loss0.148-|Sample:16.55|
[TEST]
{'precision': array([0.01858974]), 'recall': array([0.04081148]), 'ndcg': array([0.03345807])}
EPOCH[231/1000] loss0.149-|Sample:16.61|
EPOCH[232/1000] loss0.148-|Sample:17.26|
EPOCH[233/1000] loss0.149-|Sample:16.36|
EPOCH[234/1000] loss0.149-|Sample:16.69|
EPOCH[235/1000] loss0.149-|Sample:16.74|
EPOCH[236/1000] loss0.148-|Sample:15.55|
EPOCH[237/1000] loss0.149-|Sample:15.76|
EPOCH[238/1000] loss0.149-|Sample:16.16|
EPOCH[239/1000] loss0.149-|Sample:17.00|
EPOCH[240/1000] loss0.148-|Sample:19.07|
[TEST]
{'precision': array([0.01888184]), 'recall': array([0.04133819]), 'ndcg': array([0.03375413])}
EPOCH[241/1000] loss0.149-|Sample:17.65|
EPOCH[242/1000] loss0.149-|Sample:17.32|
EPOCH[243/1000] loss0.149-|Sample:16.74|
EPOCH[244/1000] loss0.149-|Sample:17.08|
EPOCH[245/1000] loss0.148-|Sample:15.99|
EPOCH[246/1000] loss0.149-|Sample:15.63|
EPOCH[247/1000] loss0.149-|Sample:16.82|
EPOCH[248/1000] loss0.148-|Sample:17.12|
EPOCH[249/1000] loss0.149-|Sample:17.18|
EPOCH[250/1000] loss0.149-|Sample:16.56|
[TEST]
{'precision': array([0.01881552]), 'recall': array([0.04122561]), 'ndcg': array([0.03347176])}
EPOCH[251/1000] loss0.149-|Sample:16.75|
EPOCH[252/1000] loss0.148-|Sample:17.39|
EPOCH[253/1000] loss0.149-|Sample:17.28|
EPOCH[254/1000] loss0.149-|Sample:17.97|
EPOCH[255/1000] loss0.149-|Sample:15.68|
EPOCH[256/1000] loss0.149-|Sample:16.34|
EPOCH[257/1000] loss0.148-|Sample:17.57|
EPOCH[258/1000] loss0.149-|Sample:17.27|
EPOCH[259/1000] loss0.149-|Sample:15.98|
EPOCH[260/1000] loss0.148-|Sample:16.54|
[TEST]
{'precision': array([0.01889447]), 'recall': array([0.04163428]), 'ndcg': array([0.03362843])}
EPOCH[261/1000] loss0.149-|Sample:17.31|
EPOCH[262/1000] loss0.149-|Sample:16.52|
EPOCH[263/1000] loss0.149-|Sample:18.21|
EPOCH[264/1000] loss0.148-|Sample:15.98|
EPOCH[265/1000] loss0.148-|Sample:17.22|
EPOCH[266/1000] loss0.148-|Sample:15.92|
EPOCH[267/1000] loss0.148-|Sample:17.00|
EPOCH[268/1000] loss0.148-|Sample:16.64|
EPOCH[269/1000] loss0.149-|Sample:16.60|
EPOCH[270/1000] loss0.148-|Sample:16.93|
[TEST]
{'precision': array([0.01903025]), 'recall': array([0.04150304]), 'ndcg': array([0.03366689])}
EPOCH[271/1000] loss0.148-|Sample:16.16|
EPOCH[272/1000] loss0.149-|Sample:16.05|
EPOCH[273/1000] loss0.149-|Sample:16.95|
EPOCH[274/1000] loss0.149-|Sample:17.29|
EPOCH[275/1000] loss0.148-|Sample:18.44|
EPOCH[276/1000] loss0.148-|Sample:16.03|
EPOCH[277/1000] loss0.148-|Sample:16.24|
EPOCH[278/1000] loss0.148-|Sample:16.91|
EPOCH[279/1000] loss0.148-|Sample:16.45|
EPOCH[280/1000] loss0.148-|Sample:16.22|
[TEST]
{'precision': array([0.0190413]), 'recall': array([0.04174868]), 'ndcg': array([0.03405691])}
EPOCH[281/1000] loss0.147-|Sample:16.39|
EPOCH[282/1000] loss0.148-|Sample:16.53|
EPOCH[283/1000] loss0.148-|Sample:17.08|
EPOCH[284/1000] loss0.148-|Sample:16.79|
EPOCH[285/1000] loss0.148-|Sample:16.99|
EPOCH[286/1000] loss0.148-|Sample:16.32|
EPOCH[287/1000] loss0.148-|Sample:16.28|
EPOCH[288/1000] loss0.148-|Sample:16.78|
EPOCH[289/1000] loss0.148-|Sample:17.55|
EPOCH[290/1000] loss0.147-|Sample:17.76|
[TEST]
{'precision': array([0.0189892]), 'recall': array([0.04149656]), 'ndcg': array([0.03379808])}
EPOCH[291/1000] loss0.148-|Sample:16.64|
EPOCH[292/1000] loss0.148-|Sample:16.73|
EPOCH[293/1000] loss0.148-|Sample:16.42|
EPOCH[294/1000] loss0.148-|Sample:16.67|
EPOCH[295/1000] loss0.147-|Sample:16.13|
EPOCH[296/1000] loss0.148-|Sample:16.04|
EPOCH[297/1000] loss0.148-|Sample:16.27|
EPOCH[298/1000] loss0.148-|Sample:17.81|
EPOCH[299/1000] loss0.147-|Sample:17.24|
EPOCH[300/1000] loss0.147-|Sample:16.70|
[TEST]
{'precision': array([0.01872869]), 'recall': array([0.04114008]), 'ndcg': array([0.03341167])}
EPOCH[301/1000] loss0.148-|Sample:16.65|
EPOCH[302/1000] loss0.148-|Sample:17.85|
EPOCH[303/1000] loss0.147-|Sample:16.20|
EPOCH[304/1000] loss0.148-|Sample:17.17|
EPOCH[305/1000] loss0.148-|Sample:15.82|
EPOCH[306/1000] loss0.148-|Sample:16.94|
EPOCH[307/1000] loss0.148-|Sample:16.93|
EPOCH[308/1000] loss0.147-|Sample:17.36|
EPOCH[309/1000] loss0.148-|Sample:15.69|
EPOCH[310/1000] loss0.148-|Sample:16.42|
[TEST]
{'precision': array([0.01916604]), 'recall': array([0.04198117]), 'ndcg': array([0.03402286])}
EPOCH[311/1000] loss0.148-|Sample:17.30|
EPOCH[312/1000] loss0.148-|Sample:18.47|
EPOCH[313/1000] loss0.147-|Sample:18.59|
EPOCH[314/1000] loss0.148-|Sample:15.82|
EPOCH[315/1000] loss0.148-|Sample:15.83|
EPOCH[316/1000] loss0.148-|Sample:16.61|
EPOCH[317/1000] loss0.148-|Sample:16.40|
EPOCH[318/1000] loss0.148-|Sample:16.40|
EPOCH[319/1000] loss0.148-|Sample:17.42|
EPOCH[320/1000] loss0.147-|Sample:16.56|
[TEST]
{'precision': array([0.01896236]), 'recall': array([0.04125893]), 'ndcg': array([0.03372988])}
EPOCH[321/1000] loss0.147-|Sample:15.90|
EPOCH[322/1000] loss0.147-|Sample:16.33|
EPOCH[323/1000] loss0.148-|Sample:16.35|
EPOCH[324/1000] loss0.148-|Sample:16.79|
EPOCH[325/1000] loss0.148-|Sample:17.93|
EPOCH[326/1000] loss0.148-|Sample:16.03|
EPOCH[327/1000] loss0.148-|Sample:15.63|
EPOCH[328/1000] loss0.148-|Sample:17.04|
EPOCH[329/1000] loss0.147-|Sample:17.24|
EPOCH[330/1000] loss0.148-|Sample:15.54|
[TEST]
{'precision': array([0.0191534]), 'recall': array([0.0420178]), 'ndcg': array([0.03399107])}
EPOCH[331/1000] loss0.148-|Sample:15.82|
EPOCH[332/1000] loss0.147-|Sample:16.64|
EPOCH[333/1000] loss0.148-|Sample:16.54|
EPOCH[334/1000] loss0.148-|Sample:17.28|
EPOCH[335/1000] loss0.147-|Sample:16.55|
EPOCH[336/1000] loss0.147-|Sample:15.81|
EPOCH[337/1000] loss0.148-|Sample:16.26|
EPOCH[338/1000] loss0.148-|Sample:18.05|
EPOCH[339/1000] loss0.147-|Sample:17.45|
EPOCH[340/1000] loss0.147-|Sample:17.19|
[TEST]
{'precision': array([0.018855]), 'recall': array([0.04127214]), 'ndcg': array([0.03362452])}
EPOCH[341/1000] loss0.147-|Sample:16.69|
EPOCH[342/1000] loss0.148-|Sample:16.83|
EPOCH[343/1000] loss0.147-|Sample:16.59|
EPOCH[344/1000] loss0.148-|Sample:16.49|
EPOCH[345/1000] loss0.147-|Sample:16.15|
EPOCH[346/1000] loss0.148-|Sample:15.95|
EPOCH[347/1000] loss0.147-|Sample:17.88|
EPOCH[348/1000] loss0.148-|Sample:17.29|
EPOCH[349/1000] loss0.148-|Sample:18.19|
EPOCH[350/1000] loss0.147-|Sample:16.98|
[TEST]
{'precision': array([0.01911709]), 'recall': array([0.04189367]), 'ndcg': array([0.03417227])}
EPOCH[351/1000] loss0.147-|Sample:17.47|
EPOCH[352/1000] loss0.147-|Sample:17.73|
EPOCH[353/1000] loss0.147-|Sample:15.98|
EPOCH[354/1000] loss0.147-|Sample:17.67|
EPOCH[355/1000] loss0.148-|Sample:16.23|
EPOCH[356/1000] loss0.148-|Sample:17.11|
EPOCH[357/1000] loss0.148-|Sample:18.48|
EPOCH[358/1000] loss0.147-|Sample:17.46|
EPOCH[359/1000] loss0.148-|Sample:15.88|
EPOCH[360/1000] loss0.148-|Sample:16.96|
[TEST]
{'precision': array([0.0190192]), 'recall': array([0.04152176]), 'ndcg': array([0.03365989])}
EPOCH[361/1000] loss0.147-|Sample:17.24|
EPOCH[362/1000] loss0.148-|Sample:16.47|
EPOCH[363/1000] loss0.147-|Sample:18.03|
EPOCH[364/1000] loss0.147-|Sample:16.07|
EPOCH[365/1000] loss0.147-|Sample:16.01|
EPOCH[366/1000] loss0.148-|Sample:16.73|
EPOCH[367/1000] loss0.148-|Sample:16.82|
EPOCH[368/1000] loss0.147-|Sample:16.86|
EPOCH[369/1000] loss0.147-|Sample:16.94|
EPOCH[370/1000] loss0.147-|Sample:17.15|
[TEST]
{'precision': array([0.0188771]), 'recall': array([0.04121029]), 'ndcg': array([0.03368417])}
EPOCH[371/1000] loss0.147-|Sample:16.49|
EPOCH[372/1000] loss0.148-|Sample:15.98|
EPOCH[373/1000] loss0.147-|Sample:17.18|
EPOCH[374/1000] loss0.148-|Sample:17.31|
EPOCH[375/1000] loss0.148-|Sample:18.33|
EPOCH[376/1000] loss0.147-|Sample:15.98|
EPOCH[377/1000] loss0.148-|Sample:15.80|
EPOCH[378/1000] loss0.147-|Sample:17.79|
EPOCH[379/1000] loss0.147-|Sample:16.82|
EPOCH[380/1000] loss0.147-|Sample:17.21|
[TEST]
{'precision': array([0.01897025]), 'recall': array([0.04150153]), 'ndcg': array([0.03356434])}
EPOCH[381/1000] loss0.148-|Sample:16.31|
EPOCH[382/1000] loss0.147-|Sample:16.17|
EPOCH[383/1000] loss0.148-|Sample:17.02|
EPOCH[384/1000] loss0.147-|Sample:16.58|
EPOCH[385/1000] loss0.148-|Sample:17.02|
EPOCH[386/1000] loss0.148-|Sample:16.21|
EPOCH[387/1000] loss0.147-|Sample:16.54|
EPOCH[388/1000] loss0.147-|Sample:16.79|
EPOCH[389/1000] loss0.147-|Sample:17.76|
EPOCH[390/1000] loss0.147-|Sample:17.71|
[TEST]
{'precision': array([0.01874132]), 'recall': array([0.04117513]), 'ndcg': array([0.03364479])}
EPOCH[391/1000] loss0.148-|Sample:16.89|
EPOCH[392/1000] loss0.147-|Sample:16.63|
EPOCH[393/1000] loss0.147-|Sample:17.20|
EPOCH[394/1000] loss0.147-|Sample:17.27|
EPOCH[395/1000] loss0.148-|Sample:16.22|
EPOCH[396/1000] loss0.148-|Sample:16.02|
EPOCH[397/1000] loss0.148-|Sample:17.26|
EPOCH[398/1000] loss0.148-|Sample:17.91|
EPOCH[399/1000] loss0.148-|Sample:17.47|
EPOCH[400/1000] loss0.147-|Sample:16.99|
[TEST]
{'precision': array([0.01876658]), 'recall': array([0.04099737]), 'ndcg': array([0.03355829])}
EPOCH[401/1000] loss0.147-|Sample:16.99|
EPOCH[402/1000] loss0.147-|Sample:16.74|
EPOCH[403/1000] loss0.148-|Sample:16.18|
EPOCH[404/1000] loss0.148-|Sample:18.28|
EPOCH[405/1000] loss0.147-|Sample:16.53|
EPOCH[406/1000] loss0.147-|Sample:17.12|
EPOCH[407/1000] loss0.147-|Sample:17.93|
EPOCH[408/1000] loss0.147-|Sample:17.78|
EPOCH[409/1000] loss0.148-|Sample:15.96|
EPOCH[410/1000] loss0.147-|Sample:17.30|
[TEST]
{'precision': array([0.01888342]), 'recall': array([0.04149828]), 'ndcg': array([0.03372416])}
EPOCH[411/1000] loss0.148-|Sample:17.49|
EPOCH[412/1000] loss0.147-|Sample:16.63|
EPOCH[413/1000] loss0.148-|Sample:18.36|
EPOCH[414/1000] loss0.147-|Sample:16.10|
EPOCH[415/1000] loss0.147-|Sample:16.01|
EPOCH[416/1000] loss0.147-|Sample:16.03|
EPOCH[417/1000] loss0.147-|Sample:16.93|
EPOCH[418/1000] loss0.147-|Sample:17.02|
EPOCH[419/1000] loss0.147-|Sample:16.91|
EPOCH[420/1000] loss0.147-|Sample:16.82|
[TEST]
{'precision': array([0.01923551]), 'recall': array([0.04188081]), 'ndcg': array([0.0340723])}
EPOCH[421/1000] loss0.147-|Sample:16.13|
EPOCH[422/1000] loss0.148-|Sample:15.66|
EPOCH[423/1000] loss0.147-|Sample:16.71|
EPOCH[424/1000] loss0.147-|Sample:17.06|
EPOCH[425/1000] loss0.147-|Sample:18.24|
EPOCH[426/1000] loss0.147-|Sample:15.89|
EPOCH[427/1000] loss0.147-|Sample:16.00|
EPOCH[428/1000] loss0.147-|Sample:16.45|
EPOCH[429/1000] loss0.148-|Sample:16.87|
EPOCH[430/1000] loss0.148-|Sample:15.82|
[TEST]
{'precision': array([0.01891815]), 'recall': array([0.04126766]), 'ndcg': array([0.03355982])}
EPOCH[431/1000] loss0.147-|Sample:16.06|
EPOCH[432/1000] loss0.147-|Sample:17.42|
EPOCH[433/1000] loss0.148-|Sample:17.06|
EPOCH[434/1000] loss0.147-|Sample:16.87|
EPOCH[435/1000] loss0.147-|Sample:17.33|
EPOCH[436/1000] loss0.146-|Sample:16.03|
EPOCH[437/1000] loss0.148-|Sample:16.04|
EPOCH[438/1000] loss0.147-|Sample:16.95|
EPOCH[439/1000] loss0.147-|Sample:17.60|
EPOCH[440/1000] loss0.147-|Sample:17.47|
[TEST]
{'precision': array([0.01898604]), 'recall': array([0.04148881]), 'ndcg': array([0.03393417])}
EPOCH[441/1000] loss0.147-|Sample:16.74|
EPOCH[442/1000] loss0.148-|Sample:16.28|
EPOCH[443/1000] loss0.147-|Sample:17.04|
EPOCH[444/1000] loss0.147-|Sample:16.92|
EPOCH[445/1000] loss0.147-|Sample:17.04|
EPOCH[446/1000] loss0.147-|Sample:16.33|
EPOCH[447/1000] loss0.147-|Sample:17.88|
EPOCH[448/1000] loss0.147-|Sample:17.69|
EPOCH[449/1000] loss0.147-|Sample:17.86|
EPOCH[450/1000] loss0.147-|Sample:18.34|
[TEST]
{'precision': array([0.01880921]), 'recall': array([0.04122]), 'ndcg': array([0.0332117])}
EPOCH[451/1000] loss0.148-|Sample:17.21|
EPOCH[452/1000] loss0.147-|Sample:16.96|
EPOCH[453/1000] loss0.147-|Sample:15.94|
EPOCH[454/1000] loss0.148-|Sample:17.34|
EPOCH[455/1000] loss0.147-|Sample:15.90|
EPOCH[456/1000] loss0.147-|Sample:16.72|
EPOCH[457/1000] loss0.147-|Sample:17.61|
EPOCH[458/1000] loss0.147-|Sample:17.75|
EPOCH[459/1000] loss0.147-|Sample:16.16|
EPOCH[460/1000] loss0.148-|Sample:17.16|
[TEST]
{'precision': array([0.01884394]), 'recall': array([0.04124502]), 'ndcg': array([0.03335359])}
EPOCH[461/1000] loss0.147-|Sample:17.46|
EPOCH[462/1000] loss0.147-|Sample:17.42|
EPOCH[463/1000] loss0.146-|Sample:19.86|
EPOCH[464/1000] loss0.147-|Sample:16.30|
EPOCH[465/1000] loss0.147-|Sample:16.26|
EPOCH[466/1000] loss0.148-|Sample:16.22|
EPOCH[467/1000] loss0.147-|Sample:17.01|
EPOCH[468/1000] loss0.147-|Sample:17.45|
EPOCH[469/1000] loss0.147-|Sample:17.14|
EPOCH[470/1000] loss0.147-|Sample:18.91|
[TEST]
{'precision': array([0.01894815]), 'recall': array([0.04138602]), 'ndcg': array([0.03367873])}
EPOCH[471/1000] loss0.147-|Sample:16.76|
EPOCH[472/1000] loss0.147-|Sample:15.97|
EPOCH[473/1000] loss0.147-|Sample:16.77|
EPOCH[474/1000] loss0.147-|Sample:18.53|
EPOCH[475/1000] loss0.147-|Sample:19.41|
EPOCH[476/1000] loss0.147-|Sample:16.54|
EPOCH[477/1000] loss0.147-|Sample:16.24|
EPOCH[478/1000] loss0.147-|Sample:17.39|
EPOCH[479/1000] loss0.147-|Sample:17.16|
EPOCH[480/1000] loss0.147-|Sample:17.13|
[TEST]
{'precision': array([0.01877131]), 'recall': array([0.04109295]), 'ndcg': array([0.03328464])}
EPOCH[481/1000] loss0.147-|Sample:16.76|
EPOCH[482/1000] loss0.147-|Sample:17.46|
EPOCH[483/1000] loss0.147-|Sample:17.27|
EPOCH[484/1000] loss0.147-|Sample:16.92|
EPOCH[485/1000] loss0.147-|Sample:17.45|
EPOCH[486/1000] loss0.147-|Sample:16.91|
EPOCH[487/1000] loss0.148-|Sample:16.96|
EPOCH[488/1000] loss0.147-|Sample:17.41|
EPOCH[489/1000] loss0.148-|Sample:17.04|
EPOCH[490/1000] loss0.148-|Sample:18.06|
[TEST]
{'precision': array([0.01897341]), 'recall': array([0.04162618]), 'ndcg': array([0.03366539])}
EPOCH[491/1000] loss0.147-|Sample:17.48|
EPOCH[492/1000] loss0.147-|Sample:16.67|
EPOCH[493/1000] loss0.147-|Sample:16.95|
EPOCH[494/1000] loss0.147-|Sample:17.42|
EPOCH[495/1000] loss0.147-|Sample:17.73|
EPOCH[496/1000] loss0.147-|Sample:16.83|
EPOCH[497/1000] loss0.147-|Sample:16.79|
EPOCH[498/1000] loss0.147-|Sample:18.03|
EPOCH[499/1000] loss0.147-|Sample:18.32|
EPOCH[500/1000] loss0.147-|Sample:16.99|
[TEST]
{'precision': array([0.0189292]), 'recall': array([0.04169138]), 'ndcg': array([0.03383897])}
EPOCH[501/1000] loss0.148-|Sample:17.48|
EPOCH[502/1000] loss0.148-|Sample:17.87|
EPOCH[503/1000] loss0.147-|Sample:16.57|
EPOCH[504/1000] loss0.148-|Sample:18.17|
EPOCH[505/1000] loss0.147-|Sample:16.67|
EPOCH[506/1000] loss0.148-|Sample:17.75|
EPOCH[507/1000] loss0.147-|Sample:17.87|
EPOCH[508/1000] loss0.147-|Sample:19.37|
EPOCH[509/1000] loss0.147-|Sample:16.50|
EPOCH[510/1000] loss0.147-|Sample:16.82|
[TEST]
{'precision': array([0.01877289]), 'recall': array([0.04106994]), 'ndcg': array([0.03316371])}
EPOCH[511/1000] loss0.147-|Sample:19.66|
EPOCH[512/1000] loss0.148-|Sample:16.90|
EPOCH[513/1000] loss0.147-|Sample:18.80|
EPOCH[514/1000] loss0.147-|Sample:15.83|
EPOCH[515/1000] loss0.147-|Sample:16.05|
EPOCH[516/1000] loss0.147-|Sample:16.77|
EPOCH[517/1000] loss0.147-|Sample:16.59|
EPOCH[518/1000] loss0.147-|Sample:17.18|
EPOCH[519/1000] loss0.147-|Sample:16.83|
EPOCH[520/1000] loss0.147-|Sample:16.53|
[TEST]
{'precision': array([0.01892447]), 'recall': array([0.04144836]), 'ndcg': array([0.03357884])}
EPOCH[521/1000] loss0.147-|Sample:16.67|
EPOCH[522/1000] loss0.148-|Sample:16.07|
EPOCH[523/1000] loss0.147-|Sample:17.04|
EPOCH[524/1000] loss0.147-|Sample:17.14|
EPOCH[525/1000] loss0.147-|Sample:18.28|
EPOCH[526/1000] loss0.147-|Sample:17.55|
EPOCH[527/1000] loss0.147-|Sample:16.82|
EPOCH[528/1000] loss0.148-|Sample:16.49|
EPOCH[529/1000] loss0.147-|Sample:16.92|
EPOCH[530/1000] loss0.147-|Sample:16.05|
[TEST]
{'precision': array([0.01900183]), 'recall': array([0.04160059]), 'ndcg': array([0.03364808])}
EPOCH[531/1000] loss0.148-|Sample:16.15|
EPOCH[532/1000] loss0.148-|Sample:16.88|
EPOCH[533/1000] loss0.147-|Sample:16.50|
EPOCH[534/1000] loss0.147-|Sample:16.51|
EPOCH[535/1000] loss0.147-|Sample:16.92|
EPOCH[536/1000] loss0.146-|Sample:16.21|
EPOCH[537/1000] loss0.147-|Sample:16.15|
EPOCH[538/1000] loss0.148-|Sample:16.81|
EPOCH[539/1000] loss0.148-|Sample:17.31|
EPOCH[540/1000] loss0.147-|Sample:17.64|
[TEST]
{'precision': array([0.01857869]), 'recall': array([0.04056903]), 'ndcg': array([0.03326298])}
EPOCH[541/1000] loss0.147-|Sample:16.94|
EPOCH[542/1000] loss0.147-|Sample:17.48|
EPOCH[543/1000] loss0.147-|Sample:16.62|
EPOCH[544/1000] loss0.147-|Sample:17.14|
EPOCH[545/1000] loss0.148-|Sample:16.27|
EPOCH[546/1000] loss0.147-|Sample:16.20|
EPOCH[547/1000] loss0.147-|Sample:16.52|
EPOCH[548/1000] loss0.147-|Sample:17.84|
EPOCH[549/1000] loss0.147-|Sample:18.03|
EPOCH[550/1000] loss0.147-|Sample:16.88|
[TEST]
{'precision': array([0.01878868]), 'recall': array([0.04107434]), 'ndcg': array([0.0333082])}
EPOCH[551/1000] loss0.147-|Sample:17.17|
EPOCH[552/1000] loss0.148-|Sample:16.63|
EPOCH[553/1000] loss0.147-|Sample:15.46|
EPOCH[554/1000] loss0.147-|Sample:17.40|
EPOCH[555/1000] loss0.147-|Sample:15.68|
EPOCH[556/1000] loss0.147-|Sample:16.96|
EPOCH[557/1000] loss0.147-|Sample:18.00|
EPOCH[558/1000] loss0.147-|Sample:17.32|
EPOCH[559/1000] loss0.147-|Sample:15.97|
EPOCH[560/1000] loss0.147-|Sample:16.52|
[TEST]
{'precision': array([0.01880763]), 'recall': array([0.04148091]), 'ndcg': array([0.03360978])}
EPOCH[561/1000] loss0.148-|Sample:17.23|
EPOCH[562/1000] loss0.147-|Sample:17.33|
EPOCH[563/1000] loss0.146-|Sample:20.08|
EPOCH[564/1000] loss0.147-|Sample:15.97|
EPOCH[565/1000] loss0.148-|Sample:16.42|
EPOCH[566/1000] loss0.147-|Sample:16.59|
EPOCH[567/1000] loss0.148-|Sample:17.35|
EPOCH[568/1000] loss0.147-|Sample:17.09|
EPOCH[569/1000] loss0.147-|Sample:17.28|
EPOCH[570/1000] loss0.147-|Sample:16.93|
[TEST]
{'precision': array([0.01880447]), 'recall': array([0.04134845]), 'ndcg': array([0.03368303])}
EPOCH[571/1000] loss0.148-|Sample:15.95|
EPOCH[572/1000] loss0.147-|Sample:17.54|
EPOCH[573/1000] loss0.147-|Sample:16.84|
EPOCH[574/1000] loss0.147-|Sample:17.76|
EPOCH[575/1000] loss0.147-|Sample:19.32|
EPOCH[576/1000] loss0.147-|Sample:16.26|
EPOCH[577/1000] loss0.147-|Sample:16.91|
EPOCH[578/1000] loss0.147-|Sample:17.63|
EPOCH[579/1000] loss0.147-|Sample:19.04|
EPOCH[580/1000] loss0.148-|Sample:16.16|
[TEST]
{'precision': array([0.0186829]), 'recall': array([0.04094628]), 'ndcg': array([0.03331399])}
EPOCH[581/1000] loss0.147-|Sample:16.12|
EPOCH[582/1000] loss0.148-|Sample:17.18|
EPOCH[583/1000] loss0.147-|Sample:18.41|
EPOCH[584/1000] loss0.147-|Sample:17.15|
EPOCH[585/1000] loss0.147-|Sample:18.28|
EPOCH[586/1000] loss0.147-|Sample:16.70|
EPOCH[587/1000] loss0.147-|Sample:16.43|
EPOCH[588/1000] loss0.147-|Sample:17.04|
EPOCH[589/1000] loss0.147-|Sample:18.51|
EPOCH[590/1000] loss0.147-|Sample:19.16|
[TEST]
{'precision': array([0.01857395]), 'recall': array([0.04060155]), 'ndcg': array([0.03307065])}
EPOCH[591/1000] loss0.147-|Sample:18.09|
EPOCH[592/1000] loss0.147-|Sample:17.40|
EPOCH[593/1000] loss0.147-|Sample:17.47|
EPOCH[594/1000] loss0.147-|Sample:16.86|
EPOCH[595/1000] loss0.147-|Sample:15.91|
EPOCH[596/1000] loss0.147-|Sample:15.74|
EPOCH[597/1000] loss0.148-|Sample:16.51|
EPOCH[598/1000] loss0.148-|Sample:17.25|
EPOCH[599/1000] loss0.147-|Sample:17.59|
EPOCH[600/1000] loss0.147-|Sample:17.16|
[TEST]
{'precision': array([0.01893078]), 'recall': array([0.0415344]), 'ndcg': array([0.03372343])}
EPOCH[601/1000] loss0.147-|Sample:17.12|
EPOCH[602/1000] loss0.148-|Sample:17.12|
EPOCH[603/1000] loss0.148-|Sample:16.37|
EPOCH[604/1000] loss0.147-|Sample:17.62|
EPOCH[605/1000] loss0.147-|Sample:15.93|
EPOCH[606/1000] loss0.147-|Sample:16.58|
EPOCH[607/1000] loss0.148-|Sample:17.85|
EPOCH[608/1000] loss0.147-|Sample:17.24|
EPOCH[609/1000] loss0.147-|Sample:15.91|
EPOCH[610/1000] loss0.147-|Sample:16.41|
[TEST]
{'precision': array([0.01887078]), 'recall': array([0.04145265]), 'ndcg': array([0.03320391])}
EPOCH[611/1000] loss0.147-|Sample:17.90|
EPOCH[612/1000] loss0.147-|Sample:16.78|
EPOCH[613/1000] loss0.148-|Sample:16.32|
EPOCH[614/1000] loss0.147-|Sample:15.62|
EPOCH[615/1000] loss0.147-|Sample:16.72|
EPOCH[616/1000] loss0.147-|Sample:16.92|
EPOCH[617/1000] loss0.147-|Sample:17.87|
EPOCH[618/1000] loss0.147-|Sample:17.48|
EPOCH[619/1000] loss0.147-|Sample:17.01|
EPOCH[620/1000] loss0.147-|Sample:16.84|
[TEST]
{'precision': array([0.01864658]), 'recall': array([0.04071326]), 'ndcg': array([0.03313939])}
EPOCH[621/1000] loss0.147-|Sample:17.67|
EPOCH[622/1000] loss0.146-|Sample:16.38|
EPOCH[623/1000] loss0.147-|Sample:15.76|
EPOCH[624/1000] loss0.147-|Sample:16.79|
EPOCH[625/1000] loss0.147-|Sample:17.51|
EPOCH[626/1000] loss0.147-|Sample:17.67|
EPOCH[627/1000] loss0.147-|Sample:17.32|
EPOCH[628/1000] loss0.147-|Sample:16.48|
EPOCH[629/1000] loss0.147-|Sample:17.26|
EPOCH[630/1000] loss0.147-|Sample:17.58|
[TEST]
{'precision': array([0.01887078]), 'recall': array([0.04131803]), 'ndcg': array([0.03342525])}
EPOCH[631/1000] loss0.147-|Sample:17.44|
EPOCH[632/1000] loss0.147-|Sample:17.17|
EPOCH[633/1000] loss0.147-|Sample:18.68|
EPOCH[634/1000] loss0.147-|Sample:17.55|
EPOCH[635/1000] loss0.147-|Sample:17.11|
EPOCH[636/1000] loss0.147-|Sample:15.77|
EPOCH[637/1000] loss0.147-|Sample:16.38|
EPOCH[638/1000] loss0.147-|Sample:17.37|
EPOCH[639/1000] loss0.147-|Sample:18.00|
EPOCH[640/1000] loss0.147-|Sample:18.43|
[TEST]
{'precision': array([0.01866869]), 'recall': array([0.04084941]), 'ndcg': array([0.03313446])}
EPOCH[641/1000] loss0.147-|Sample:17.01|
EPOCH[642/1000] loss0.148-|Sample:17.08|
EPOCH[643/1000] loss0.147-|Sample:18.38|
EPOCH[644/1000] loss0.147-|Sample:18.25|
EPOCH[645/1000] loss0.147-|Sample:16.94|
EPOCH[646/1000] loss0.146-|Sample:16.29|
EPOCH[647/1000] loss0.147-|Sample:17.11|
EPOCH[648/1000] loss0.147-|Sample:16.93|
EPOCH[649/1000] loss0.147-|Sample:16.93|
EPOCH[650/1000] loss0.147-|Sample:17.01|
[TEST]
{'precision': array([0.01885815]), 'recall': array([0.04122374]), 'ndcg': array([0.0334684])}
EPOCH[651/1000] loss0.147-|Sample:16.46|
EPOCH[652/1000] loss0.147-|Sample:16.52|
EPOCH[653/1000] loss0.147-|Sample:15.52|
EPOCH[654/1000] loss0.146-|Sample:18.14|
EPOCH[655/1000] loss0.147-|Sample:16.57|
EPOCH[656/1000] loss0.147-|Sample:16.59|
EPOCH[657/1000] loss0.147-|Sample:17.39|
EPOCH[658/1000] loss0.148-|Sample:17.15|
EPOCH[659/1000] loss0.147-|Sample:15.77|
EPOCH[660/1000] loss0.147-|Sample:15.75|
[TEST]
{'precision': array([0.01900025]), 'recall': array([0.04162573]), 'ndcg': array([0.03361584])}
EPOCH[661/1000] loss0.147-|Sample:16.60|
EPOCH[662/1000] loss0.147-|Sample:15.43|
EPOCH[663/1000] loss0.147-|Sample:15.81|
EPOCH[664/1000] loss0.147-|Sample:16.89|
EPOCH[665/1000] loss0.148-|Sample:17.13|
EPOCH[666/1000] loss0.147-|Sample:17.02|
EPOCH[667/1000] loss0.147-|Sample:16.94|
EPOCH[668/1000] loss0.147-|Sample:15.74|
EPOCH[669/1000] loss0.147-|Sample:15.75|
EPOCH[670/1000] loss0.147-|Sample:16.46|
[TEST]
{'precision': array([0.0188771]), 'recall': array([0.04125605]), 'ndcg': array([0.03344824])}
EPOCH[671/1000] loss0.148-|Sample:17.50|
EPOCH[672/1000] loss0.147-|Sample:17.54|
EPOCH[673/1000] loss0.147-|Sample:17.55|
EPOCH[674/1000] loss0.147-|Sample:16.95|
EPOCH[675/1000] loss0.147-|Sample:16.94|
EPOCH[676/1000] loss0.147-|Sample:16.64|
EPOCH[677/1000] loss0.147-|Sample:16.23|
EPOCH[678/1000] loss0.146-|Sample:16.05|
EPOCH[679/1000] loss0.147-|Sample:16.76|
EPOCH[680/1000] loss0.147-|Sample:17.59|
[TEST]
{'precision': array([0.01913288]), 'recall': array([0.04204364]), 'ndcg': array([0.03406947])}
EPOCH[681/1000] loss0.147-|Sample:16.63|
EPOCH[682/1000] loss0.147-|Sample:17.98|
EPOCH[683/1000] loss0.147-|Sample:15.88|
EPOCH[684/1000] loss0.147-|Sample:15.94|
EPOCH[685/1000] loss0.147-|Sample:16.12|
EPOCH[686/1000] loss0.147-|Sample:16.81|
EPOCH[687/1000] loss0.147-|Sample:17.03|
EPOCH[688/1000] loss0.147-|Sample:17.70|
EPOCH[689/1000] loss0.148-|Sample:17.00|
EPOCH[690/1000] loss0.147-|Sample:15.76|
[TEST]
{'precision': array([0.01874605]), 'recall': array([0.04097698]), 'ndcg': array([0.03332617])}
EPOCH[691/1000] loss0.147-|Sample:15.71|
EPOCH[692/1000] loss0.147-|Sample:16.60|
EPOCH[693/1000] loss0.147-|Sample:18.61|
EPOCH[694/1000] loss0.146-|Sample:19.65|
EPOCH[695/1000] loss0.147-|Sample:16.75|
EPOCH[696/1000] loss0.147-|Sample:16.96|
EPOCH[697/1000] loss0.147-|Sample:16.77|
EPOCH[698/1000] loss0.147-|Sample:16.75|
EPOCH[699/1000] loss0.147-|Sample:16.06|
EPOCH[700/1000] loss0.146-|Sample:15.87|
[TEST]
{'precision': array([0.01879816]), 'recall': array([0.04142897]), 'ndcg': array([0.0332681])}
EPOCH[701/1000] loss0.147-|Sample:17.79|
EPOCH[702/1000] loss0.147-|Sample:17.56|
EPOCH[703/1000] loss0.147-|Sample:24.92|
EPOCH[704/1000] loss0.146-|Sample:22.68|
EPOCH[705/1000] loss0.147-|Sample:18.04|
EPOCH[706/1000] loss0.147-|Sample:19.75|
EPOCH[707/1000] loss0.147-|Sample:19.59|
EPOCH[708/1000] loss0.148-|Sample:20.14|
EPOCH[709/1000] loss0.147-|Sample:20.63|
EPOCH[710/1000] loss0.147-|Sample:20.78|
[TEST]
{'precision': array([0.01894183]), 'recall': array([0.04141204]), 'ndcg': array([0.03335242])}
EPOCH[711/1000] loss0.147-|Sample:19.84|
EPOCH[712/1000] loss0.148-|Sample:20.33|
EPOCH[713/1000] loss0.147-|Sample:19.35|
EPOCH[714/1000] loss0.146-|Sample:20.61|
EPOCH[715/1000] loss0.147-|Sample:18.76|
EPOCH[716/1000] loss0.148-|Sample:20.45|
EPOCH[717/1000] loss0.147-|Sample:19.72|
EPOCH[718/1000] loss0.147-|Sample:20.78|
EPOCH[719/1000] loss0.147-|Sample:20.15|
EPOCH[720/1000] loss0.147-|Sample:20.66|
[TEST]
{'precision': array([0.0185629]), 'recall': array([0.04091716]), 'ndcg': array([0.03325675])}
EPOCH[721/1000] loss0.147-|Sample:21.26|
EPOCH[722/1000] loss0.147-|Sample:19.54|
EPOCH[723/1000] loss0.147-|Sample:19.74|
EPOCH[724/1000] loss0.147-|Sample:17.91|
EPOCH[725/1000] loss0.147-|Sample:21.70|
EPOCH[726/1000] loss0.148-|Sample:19.56|
EPOCH[727/1000] loss0.147-|Sample:20.54|
EPOCH[728/1000] loss0.147-|Sample:20.43|
EPOCH[729/1000] loss0.147-|Sample:19.15|
EPOCH[730/1000] loss0.147-|Sample:20.47|
[TEST]
{'precision': array([0.01875237]), 'recall': array([0.04116197]), 'ndcg': array([0.03321017])}
EPOCH[731/1000] loss0.147-|Sample:20.08|
EPOCH[732/1000] loss0.147-|Sample:19.81|
EPOCH[733/1000] loss0.147-|Sample:18.20|
EPOCH[734/1000] loss0.147-|Sample:19.60|
EPOCH[735/1000] loss0.147-|Sample:22.79|
EPOCH[736/1000] loss0.147-|Sample:20.12|
EPOCH[737/1000] loss0.147-|Sample:20.33|
EPOCH[738/1000] loss0.147-|Sample:19.88|
EPOCH[739/1000] loss0.147-|Sample:19.95|
EPOCH[740/1000] loss0.147-|Sample:20.03|
[TEST]
{'precision': array([0.01861027]), 'recall': array([0.0405655]), 'ndcg': array([0.03309596])}
EPOCH[741/1000] loss0.147-|Sample:18.82|
EPOCH[742/1000] loss0.147-|Sample:20.63|
EPOCH[743/1000] loss0.147-|Sample:20.48|
EPOCH[744/1000] loss0.147-|Sample:22.97|
EPOCH[745/1000] loss0.148-|Sample:19.20|
EPOCH[746/1000] loss0.147-|Sample:20.41|
EPOCH[747/1000] loss0.147-|Sample:18.32|
EPOCH[748/1000] loss0.147-|Sample:19.11|
EPOCH[749/1000] loss0.147-|Sample:20.75|
EPOCH[750/1000] loss0.147-|Sample:21.52|
[TEST]
{'precision': array([0.01861343]), 'recall': array([0.04064004]), 'ndcg': array([0.03297889])}
EPOCH[751/1000] loss0.147-|Sample:20.45|
EPOCH[752/1000] loss0.147-|Sample:20.87|
EPOCH[753/1000] loss0.147-|Sample:21.24|
EPOCH[754/1000] loss0.147-|Sample:21.03|
EPOCH[755/1000] loss0.147-|Sample:19.21|
EPOCH[756/1000] loss0.147-|Sample:18.19|
EPOCH[757/1000] loss0.147-|Sample:19.04|
EPOCH[758/1000] loss0.147-|Sample:21.04|
EPOCH[759/1000] loss0.148-|Sample:21.00|
EPOCH[760/1000] loss0.147-|Sample:19.59|
[TEST]
{'precision': array([0.01871921]), 'recall': array([0.04105128]), 'ndcg': array([0.03309191])}
EPOCH[761/1000] loss0.147-|Sample:19.81|
EPOCH[762/1000] loss0.147-|Sample:21.40|
EPOCH[763/1000] loss0.147-|Sample:18.85|
EPOCH[764/1000] loss0.147-|Sample:20.81|
EPOCH[765/1000] loss0.147-|Sample:19.02|
EPOCH[766/1000] loss0.147-|Sample:20.27|
EPOCH[767/1000] loss0.147-|Sample:22.16|
EPOCH[768/1000] loss0.148-|Sample:20.51|
EPOCH[769/1000] loss0.147-|Sample:18.18|
EPOCH[770/1000] loss0.147-|Sample:18.30|
[TEST]
{'precision': array([0.01874447]), 'recall': array([0.04090389]), 'ndcg': array([0.03326742])}
EPOCH[771/1000] loss0.147-|Sample:20.16|
EPOCH[772/1000] loss0.147-|Sample:18.00|
EPOCH[773/1000] loss0.147-|Sample:21.08|
EPOCH[774/1000] loss0.147-|Sample:20.63|
EPOCH[775/1000] loss0.147-|Sample:21.44|
EPOCH[776/1000] loss0.147-|Sample:18.25|
EPOCH[777/1000] loss0.146-|Sample:19.81|
EPOCH[778/1000] loss0.147-|Sample:18.53|
EPOCH[779/1000] loss0.147-|Sample:19.27|
EPOCH[780/1000] loss0.146-|Sample:21.20|
[TEST]
{'precision': array([0.01879184]), 'recall': array([0.04105882]), 'ndcg': array([0.03317215])}
EPOCH[781/1000] loss0.147-|Sample:20.03|
EPOCH[782/1000] loss0.147-|Sample:21.43|
EPOCH[783/1000] loss0.147-|Sample:19.00|
EPOCH[784/1000] loss0.147-|Sample:21.28|
EPOCH[785/1000] loss0.147-|Sample:18.17|
EPOCH[786/1000] loss0.147-|Sample:22.17|
EPOCH[787/1000] loss0.147-|Sample:21.69|
EPOCH[788/1000] loss0.147-|Sample:22.85|
EPOCH[789/1000] loss0.147-|Sample:17.90|
EPOCH[790/1000] loss0.147-|Sample:19.53|
[TEST]
{'precision': array([0.01876026]), 'recall': array([0.04105087]), 'ndcg': array([0.03327677])}
EPOCH[791/1000] loss0.147-|Sample:21.09|
EPOCH[792/1000] loss0.147-|Sample:20.86|
EPOCH[793/1000] loss0.147-|Sample:19.90|
EPOCH[794/1000] loss0.147-|Sample:18.19|
EPOCH[795/1000] loss0.147-|Sample:18.95|
EPOCH[796/1000] loss0.147-|Sample:19.46|
EPOCH[797/1000] loss0.147-|Sample:19.19|
EPOCH[798/1000] loss0.147-|Sample:19.92|
EPOCH[799/1000] loss0.147-|Sample:20.34|
EPOCH[800/1000] loss0.147-|Sample:20.03|
[TEST]
{'precision': array([0.01904604]), 'recall': array([0.04155441]), 'ndcg': array([0.03369758])}
EPOCH[801/1000] loss0.147-|Sample:19.40|
EPOCH[802/1000] loss0.147-|Sample:19.81|
EPOCH[803/1000] loss0.147-|Sample:19.19|
EPOCH[804/1000] loss0.147-|Sample:19.57|
EPOCH[805/1000] loss0.147-|Sample:21.04|
EPOCH[806/1000] loss0.147-|Sample:21.38|
EPOCH[807/1000] loss0.148-|Sample:19.32|
EPOCH[808/1000] loss0.147-|Sample:18.19|
EPOCH[809/1000] loss0.148-|Sample:19.32|
EPOCH[810/1000] loss0.147-|Sample:20.06|
[TEST]
{'precision': array([0.01859606]), 'recall': array([0.0404559]), 'ndcg': array([0.0329357])}
EPOCH[811/1000] loss0.148-|Sample:19.45|
EPOCH[812/1000] loss0.147-|Sample:18.81|
EPOCH[813/1000] loss0.147-|Sample:20.58|
EPOCH[814/1000] loss0.147-|Sample:19.40|
EPOCH[815/1000] loss0.147-|Sample:21.09|
EPOCH[816/1000] loss0.147-|Sample:19.39|
EPOCH[817/1000] loss0.147-|Sample:17.74|
EPOCH[818/1000] loss0.147-|Sample:20.73|
EPOCH[819/1000] loss0.147-|Sample:21.40|
EPOCH[820/1000] loss0.147-|Sample:19.87|
[TEST]
{'precision': array([0.01872869]), 'recall': array([0.04095364]), 'ndcg': array([0.0333331])}
EPOCH[821/1000] loss0.147-|Sample:18.03|
EPOCH[822/1000] loss0.146-|Sample:19.55|
EPOCH[823/1000] loss0.147-|Sample:20.46|
EPOCH[824/1000] loss0.147-|Sample:20.17|
EPOCH[825/1000] loss0.147-|Sample:19.25|
EPOCH[826/1000] loss0.147-|Sample:18.57|
EPOCH[827/1000] loss0.148-|Sample:19.36|
EPOCH[828/1000] loss0.147-|Sample:19.77|
EPOCH[829/1000] loss0.147-|Sample:19.60|
EPOCH[830/1000] loss0.147-|Sample:20.30|
[TEST]
{'precision': array([0.01859922]), 'recall': array([0.04065188]), 'ndcg': array([0.03300078])}
EPOCH[831/1000] loss0.147-|Sample:19.70|
EPOCH[832/1000] loss0.147-|Sample:19.49|
EPOCH[833/1000] loss0.147-|Sample:19.32|
EPOCH[834/1000] loss0.147-|Sample:21.00|
EPOCH[835/1000] loss0.147-|Sample:18.65|
EPOCH[836/1000] loss0.148-|Sample:18.94|
EPOCH[837/1000] loss0.147-|Sample:22.13|
EPOCH[838/1000] loss0.147-|Sample:21.74|
EPOCH[839/1000] loss0.147-|Sample:18.42|
EPOCH[840/1000] loss0.148-|Sample:19.38|
[TEST]
{'precision': array([0.01884552]), 'recall': array([0.04139763]), 'ndcg': array([0.03379407])}
EPOCH[841/1000] loss0.148-|Sample:19.39|
EPOCH[842/1000] loss0.147-|Sample:18.10|
EPOCH[843/1000] loss0.147-|Sample:18.23|
EPOCH[844/1000] loss0.147-|Sample:20.49|
EPOCH[845/1000] loss0.147-|Sample:20.92|
EPOCH[846/1000] loss0.147-|Sample:20.11|
EPOCH[847/1000] loss0.146-|Sample:19.44|
EPOCH[848/1000] loss0.148-|Sample:18.03|
EPOCH[849/1000] loss0.146-|Sample:19.25|
EPOCH[850/1000] loss0.147-|Sample:18.69|
[TEST]
{'precision': array([0.01863553]), 'recall': array([0.04076662]), 'ndcg': array([0.03332003])}
EPOCH[851/1000] loss0.148-|Sample:19.90|
EPOCH[852/1000] loss0.147-|Sample:19.95|
EPOCH[853/1000] loss0.147-|Sample:20.35|
EPOCH[854/1000] loss0.147-|Sample:20.39|
EPOCH[855/1000] loss0.147-|Sample:19.58|
EPOCH[856/1000] loss0.146-|Sample:20.42|
EPOCH[857/1000] loss0.147-|Sample:18.15|
EPOCH[858/1000] loss0.147-|Sample:18.36|
EPOCH[859/1000] loss0.147-|Sample:19.04|
EPOCH[860/1000] loss0.147-|Sample:22.13|
[TEST]
{'precision': array([0.01840344]), 'recall': array([0.04042938]), 'ndcg': array([0.03272008])}
EPOCH[861/1000] loss0.147-|Sample:20.79|
EPOCH[862/1000] loss0.147-|Sample:18.83|
EPOCH[863/1000] loss0.147-|Sample:19.21|
EPOCH[864/1000] loss0.147-|Sample:21.12|
EPOCH[865/1000] loss0.147-|Sample:20.74|
EPOCH[866/1000] loss0.147-|Sample:19.70|
EPOCH[867/1000] loss0.147-|Sample:17.74|
EPOCH[868/1000] loss0.147-|Sample:18.88|
EPOCH[869/1000] loss0.147-|Sample:22.45|
EPOCH[870/1000] loss0.147-|Sample:20.71|
[TEST]
{'precision': array([0.01879658]), 'recall': array([0.04130169]), 'ndcg': array([0.03379644])}
EPOCH[871/1000] loss0.148-|Sample:19.31|
EPOCH[872/1000] loss0.147-|Sample:19.30|
EPOCH[873/1000] loss0.147-|Sample:19.44|
EPOCH[874/1000] loss0.147-|Sample:19.04|
EPOCH[875/1000] loss0.147-|Sample:18.60|
EPOCH[876/1000] loss0.147-|Sample:18.85|
EPOCH[877/1000] loss0.148-|Sample:19.21|
EPOCH[878/1000] loss0.147-|Sample:20.52|
EPOCH[879/1000] loss0.147-|Sample:20.05|
EPOCH[880/1000] loss0.147-|Sample:18.04|
[TEST]
{'precision': array([0.01889289]), 'recall': array([0.04127827]), 'ndcg': array([0.03357136])}
EPOCH[881/1000] loss0.147-|Sample:18.76|
EPOCH[882/1000] loss0.147-|Sample:19.83|
EPOCH[883/1000] loss0.147-|Sample:19.38|
EPOCH[884/1000] loss0.146-|Sample:19.19|
EPOCH[885/1000] loss0.147-|Sample:18.16|
EPOCH[886/1000] loss0.147-|Sample:20.22|
EPOCH[887/1000] loss0.147-|Sample:19.81|
EPOCH[888/1000] loss0.147-|Sample:18.88|
EPOCH[889/1000] loss0.148-|Sample:17.92|
EPOCH[890/1000] loss0.147-|Sample:19.26|
[TEST]
{'precision': array([0.01883605]), 'recall': array([0.04143414]), 'ndcg': array([0.03369338])}
EPOCH[891/1000] loss0.147-|Sample:19.58|
EPOCH[892/1000] loss0.147-|Sample:23.72|
EPOCH[893/1000] loss0.147-|Sample:18.98|
EPOCH[894/1000] loss0.147-|Sample:20.48|
EPOCH[895/1000] loss0.147-|Sample:18.84|
EPOCH[896/1000] loss0.147-|Sample:19.01|
EPOCH[897/1000] loss0.147-|Sample:21.00|
EPOCH[898/1000] loss0.147-|Sample:20.62|
EPOCH[899/1000] loss0.146-|Sample:18.51|
EPOCH[900/1000] loss0.147-|Sample:18.78|
[TEST]
{'precision': array([0.01866711]), 'recall': array([0.04090045]), 'ndcg': array([0.03315718])}
EPOCH[901/1000] loss0.147-|Sample:20.51|
EPOCH[902/1000] loss0.148-|Sample:19.71|
EPOCH[903/1000] loss0.147-|Sample:17.78|
EPOCH[904/1000] loss0.147-|Sample:18.83|
EPOCH[905/1000] loss0.147-|Sample:18.98|
EPOCH[906/1000] loss0.147-|Sample:18.83|
EPOCH[907/1000] loss0.147-|Sample:20.41|
EPOCH[908/1000] loss0.147-|Sample:19.89|
EPOCH[909/1000] loss0.147-|Sample:20.09|
EPOCH[910/1000] loss0.147-|Sample:19.11|
[TEST]
{'precision': array([0.01881394]), 'recall': array([0.04102454]), 'ndcg': array([0.03320477])}
EPOCH[911/1000] loss0.148-|Sample:20.06|
EPOCH[912/1000] loss0.147-|Sample:19.45|
EPOCH[913/1000] loss0.147-|Sample:18.77|
EPOCH[914/1000] loss0.147-|Sample:18.41|
EPOCH[915/1000] loss0.147-|Sample:20.41|
EPOCH[916/1000] loss0.147-|Sample:20.43|
EPOCH[917/1000] loss0.147-|Sample:19.07|
EPOCH[918/1000] loss0.147-|Sample:19.83|
EPOCH[919/1000] loss0.147-|Sample:20.44|
EPOCH[920/1000] loss0.147-|Sample:20.27|
[TEST]
{'precision': array([0.0187129]), 'recall': array([0.04086904]), 'ndcg': array([0.03336507])}
EPOCH[921/1000] loss0.147-|Sample:21.99|
EPOCH[922/1000] loss0.147-|Sample:18.90|
EPOCH[923/1000] loss0.147-|Sample:19.84|
EPOCH[924/1000] loss0.148-|Sample:18.63|
EPOCH[925/1000] loss0.147-|Sample:19.82|
EPOCH[926/1000] loss0.147-|Sample:17.92|
EPOCH[927/1000] loss0.147-|Sample:18.49|
EPOCH[928/1000] loss0.147-|Sample:20.44|
EPOCH[929/1000] loss0.147-|Sample:20.83|
EPOCH[930/1000] loss0.147-|Sample:21.85|
[TEST]
{'precision': array([0.01867974]), 'recall': array([0.04070006]), 'ndcg': array([0.03315239])}
EPOCH[931/1000] loss0.147-|Sample:17.86|
EPOCH[932/1000] loss0.147-|Sample:19.19|
EPOCH[933/1000] loss0.147-|Sample:20.08|
EPOCH[934/1000] loss0.147-|Sample:20.28|
EPOCH[935/1000] loss0.147-|Sample:19.03|
EPOCH[936/1000] loss0.147-|Sample:18.85|
EPOCH[937/1000] loss0.147-|Sample:18.72|
EPOCH[938/1000] loss0.147-|Sample:20.74|
EPOCH[939/1000] loss0.146-|Sample:18.71|
EPOCH[940/1000] loss0.147-|Sample:19.28|
[TEST]
{'precision': array([0.01865606]), 'recall': array([0.04073945]), 'ndcg': array([0.03308782])}
EPOCH[941/1000] loss0.147-|Sample:18.63|
EPOCH[942/1000] loss0.147-|Sample:19.14|
EPOCH[943/1000] loss0.147-|Sample:17.65|
EPOCH[944/1000] loss0.147-|Sample:19.46|
EPOCH[945/1000] loss0.147-|Sample:17.09|
EPOCH[946/1000] loss0.147-|Sample:18.92|
EPOCH[947/1000] loss0.147-|Sample:22.33|
EPOCH[948/1000] loss0.147-|Sample:18.32|
EPOCH[949/1000] loss0.147-|Sample:18.98|
EPOCH[950/1000] loss0.147-|Sample:17.34|
[TEST]
{'precision': array([0.01877131]), 'recall': array([0.04113554]), 'ndcg': array([0.03344028])}
EPOCH[951/1000] loss0.147-|Sample:19.42|
EPOCH[952/1000] loss0.147-|Sample:18.91|
EPOCH[953/1000] loss0.147-|Sample:17.69|
EPOCH[954/1000] loss0.147-|Sample:19.34|
EPOCH[955/1000] loss0.147-|Sample:19.99|
EPOCH[956/1000] loss0.147-|Sample:20.90|
EPOCH[957/1000] loss0.147-|Sample:19.15|
EPOCH[958/1000] loss0.147-|Sample:17.20|
EPOCH[959/1000] loss0.147-|Sample:17.48|
EPOCH[960/1000] loss0.147-|Sample:18.35|
[TEST]
{'precision': array([0.01898446]), 'recall': array([0.04169323]), 'ndcg': array([0.03373286])}
EPOCH[961/1000] loss0.147-|Sample:19.71|
EPOCH[962/1000] loss0.147-|Sample:20.33|
EPOCH[963/1000] loss0.147-|Sample:19.94|
EPOCH[964/1000] loss0.147-|Sample:18.84|
EPOCH[965/1000] loss0.147-|Sample:19.50|
EPOCH[966/1000] loss0.147-|Sample:19.39|
EPOCH[967/1000] loss0.147-|Sample:17.79|
EPOCH[968/1000] loss0.147-|Sample:17.43|
EPOCH[969/1000] loss0.147-|Sample:20.68|
EPOCH[970/1000] loss0.147-|Sample:22.22|
[TEST]
{'precision': array([0.01904446]), 'recall': array([0.04174117]), 'ndcg': array([0.03373205])}
EPOCH[971/1000] loss0.147-|Sample:19.80|
EPOCH[972/1000] loss0.147-|Sample:17.76|
EPOCH[973/1000] loss0.147-|Sample:20.80|
EPOCH[974/1000] loss0.147-|Sample:21.15|
EPOCH[975/1000] loss0.147-|Sample:22.63|
EPOCH[976/1000] loss0.147-|Sample:20.51|
EPOCH[977/1000] loss0.147-|Sample:18.11|
EPOCH[978/1000] loss0.147-|Sample:19.32|
EPOCH[979/1000] loss0.147-|Sample:19.16|
EPOCH[980/1000] loss0.147-|Sample:21.10|
[TEST]
{'precision': array([0.01893236]), 'recall': array([0.04130208]), 'ndcg': array([0.03374638])}
EPOCH[981/1000] loss0.147-|Sample:19.30|
EPOCH[982/1000] loss0.147-|Sample:19.71|
EPOCH[983/1000] loss0.147-|Sample:19.28|
EPOCH[984/1000] loss0.147-|Sample:20.26|
EPOCH[985/1000] loss0.147-|Sample:17.77|
EPOCH[986/1000] loss0.147-|Sample:17.86|
EPOCH[987/1000] loss0.147-|Sample:18.81|
EPOCH[988/1000] loss0.147-|Sample:20.19|
EPOCH[989/1000] loss0.147-|Sample:20.36|
EPOCH[990/1000] loss0.147-|Sample:19.49|
[TEST]
{'precision': array([0.01865764]), 'recall': array([0.04098154]), 'ndcg': array([0.03325259])}
EPOCH[991/1000] loss0.147-|Sample:20.04|
EPOCH[992/1000] loss0.147-|Sample:20.12|
EPOCH[993/1000] loss0.147-|Sample:20.77|
EPOCH[994/1000] loss0.147-|Sample:19.30|
EPOCH[995/1000] loss0.147-|Sample:18.02|
EPOCH[996/1000] loss0.147-|Sample:21.06|
EPOCH[997/1000] loss0.147-|Sample:19.86|
EPOCH[998/1000] loss0.148-|Sample:17.99|
EPOCH[999/1000] loss0.147-|Sample:17.70|
EPOCH[1000/1000] loss0.147-|Sample:20.37|
