logging.info("去掉aspect embedding，将lightGCN的嵌入改成384维（原来是64维）")
nohup: ignoring input
Cpp extension not loaded
>>SEED: 2020
loading [./datasets/yelp2018]
1237259 interactions for training
324147 interactions for testing
yelp2018 Sparsity : 0.0012958757851778647
yelp2018 is ready to go
use NORMAL distribution initilizer
loading adjacency matrix
successfully loaded...
don't split the matrix
lgn is already to go(dropout:0)
load and save to ./checkpoints/lgn-yelp2018-3-64.pth.tar
[TEST]
{'precision': array([0.00027788]), 'recall': array([0.00052693]), 'ndcg': array([0.00044854])}
EPOCH[1/1000] loss1.158-|Sample:16.65|
EPOCH[2/1000] loss0.693-|Sample:17.24|
EPOCH[3/1000] loss0.693-|Sample:15.78|
EPOCH[4/1000] loss0.693-|Sample:17.14|
EPOCH[5/1000] loss0.693-|Sample:16.62|
EPOCH[6/1000] loss0.693-|Sample:16.53|
EPOCH[7/1000] loss0.693-|Sample:16.98|
EPOCH[8/1000] loss0.693-|Sample:16.59|
EPOCH[9/1000] loss0.693-|Sample:16.56|
EPOCH[10/1000] loss0.693-|Sample:18.17|
[TEST]
{'precision': array([0.00149204]), 'recall': array([0.00348623]), 'ndcg': array([0.0020213])}
EPOCH[11/1000] loss0.693-|Sample:16.70|
EPOCH[12/1000] loss0.693-|Sample:16.52|
EPOCH[13/1000] loss0.693-|Sample:16.54|
EPOCH[14/1000] loss0.693-|Sample:17.79|
EPOCH[15/1000] loss0.693-|Sample:16.73|
EPOCH[16/1000] loss0.693-|Sample:17.94|
EPOCH[17/1000] loss0.693-|Sample:16.77|
EPOCH[18/1000] loss0.693-|Sample:15.79|
EPOCH[19/1000] loss0.693-|Sample:18.29|
EPOCH[20/1000] loss0.693-|Sample:16.76|
[TEST]
{'precision': array([0.00149204]), 'recall': array([0.00348623]), 'ndcg': array([0.0020213])}
EPOCH[21/1000] loss0.693-|Sample:16.92|
EPOCH[22/1000] loss0.693-|Sample:17.19|
EPOCH[23/1000] loss0.693-|Sample:18.13|
EPOCH[24/1000] loss0.693-|Sample:17.86|
EPOCH[25/1000] loss0.693-|Sample:17.74|
EPOCH[26/1000] loss0.693-|Sample:22.54|
EPOCH[27/1000] loss0.693-|Sample:20.54|
EPOCH[28/1000] loss0.693-|Sample:16.83|
EPOCH[29/1000] loss0.693-|Sample:16.09|
EPOCH[30/1000] loss0.693-|Sample:16.71|
[TEST]
{'precision': array([0.00149204]), 'recall': array([0.00348623]), 'ndcg': array([0.0020213])}
EPOCH[31/1000] loss0.693-|Sample:16.98|
EPOCH[32/1000] loss0.693-|Sample:16.11|
EPOCH[33/1000] loss0.693-|Sample:16.68|
EPOCH[34/1000] loss0.693-|Sample:16.73|
EPOCH[35/1000] loss0.693-|Sample:17.52|
EPOCH[36/1000] loss0.693-|Sample:16.94|
EPOCH[37/1000] loss0.693-|Sample:16.93|
EPOCH[38/1000] loss0.693-|Sample:17.21|
EPOCH[39/1000] loss0.693-|Sample:17.24|
EPOCH[40/1000] loss0.693-|Sample:18.28|
[TEST]
{'precision': array([0.00149204]), 'recall': array([0.00348623]), 'ndcg': array([0.0020213])}
EPOCH[41/1000] loss0.693-|Sample:16.77|
EPOCH[42/1000] loss0.693-|Sample:18.87|
EPOCH[43/1000] loss0.693-|Sample:16.02|
EPOCH[44/1000] loss0.693-|Sample:17.71|
EPOCH[45/1000] loss0.693-|Sample:16.70|
EPOCH[46/1000] loss0.693-|Sample:16.99|
EPOCH[47/1000] loss0.693-|Sample:17.97|
EPOCH[48/1000] loss0.693-|Sample:18.08|
EPOCH[49/1000] loss0.693-|Sample:17.95|
EPOCH[50/1000] loss0.693-|Sample:16.65|
[TEST]
{'precision': array([0.00149204]), 'recall': array([0.00348623]), 'ndcg': array([0.0020213])}
EPOCH[51/1000] loss0.693-|Sample:16.67|
EPOCH[52/1000] loss0.693-|Sample:16.54|
EPOCH[53/1000] loss0.693-|Sample:16.38|
EPOCH[54/1000] loss0.693-|Sample:16.32|
EPOCH[55/1000] loss0.693-|Sample:16.17|
EPOCH[56/1000] loss0.693-|Sample:15.66|
EPOCH[57/1000] loss0.693-|Sample:15.44|
EPOCH[58/1000] loss0.693-|Sample:15.73|
EPOCH[59/1000] loss0.693-|Sample:16.73|
EPOCH[60/1000] loss0.693-|Sample:16.52|
[TEST]
{'precision': array([0.00149204]), 'recall': array([0.00348623]), 'ndcg': array([0.0020213])}
EPOCH[61/1000] loss0.693-|Sample:16.49|
EPOCH[62/1000] loss0.693-|Sample:15.97|
EPOCH[63/1000] loss0.693-|Sample:16.09|
EPOCH[64/1000] loss0.693-|Sample:16.02|
EPOCH[65/1000] loss0.693-|Sample:16.02|
EPOCH[66/1000] loss0.693-|Sample:15.26|
EPOCH[67/1000] loss0.693-|Sample:15.19|
EPOCH[68/1000] loss0.693-|Sample:16.01|
EPOCH[69/1000] loss0.693-|Sample:16.49|
EPOCH[70/1000] loss0.693-|Sample:16.72|
[TEST]
{'precision': array([0.00149204]), 'recall': array([0.00348623]), 'ndcg': array([0.0020213])}
EPOCH[71/1000] loss0.693-|Sample:16.56|
EPOCH[72/1000] loss0.693-|Sample:16.03|
EPOCH[73/1000] loss0.693-|Sample:15.84|
EPOCH[74/1000] loss0.693-|Sample:15.99|
EPOCH[75/1000] loss0.693-|Sample:15.84|
EPOCH[76/1000] loss0.693-|Sample:15.22|
EPOCH[77/1000] loss0.693-|Sample:15.18|
EPOCH[78/1000] loss0.693-|Sample:15.70|
EPOCH[79/1000] loss0.693-|Sample:16.64|
EPOCH[80/1000] loss0.693-|Sample:16.70|
[TEST]
{'precision': array([0.00149204]), 'recall': array([0.00348623]), 'ndcg': array([0.0020213])}
EPOCH[81/1000] loss0.693-|Sample:16.75|
EPOCH[82/1000] loss0.693-|Sample:15.77|
EPOCH[83/1000] loss0.693-|Sample:15.96|
EPOCH[84/1000] loss0.693-|Sample:15.93|
EPOCH[85/1000] loss0.693-|Sample:16.18|
EPOCH[86/1000] loss0.693-|Sample:15.25|
EPOCH[87/1000] loss0.693-|Sample:15.07|
EPOCH[88/1000] loss0.693-|Sample:15.91|
EPOCH[89/1000] loss0.693-|Sample:16.50|
EPOCH[90/1000] loss0.693-|Sample:16.74|
[TEST]
{'precision': array([0.00149204]), 'recall': array([0.00348623]), 'ndcg': array([0.0020213])}
EPOCH[91/1000] loss0.693-|Sample:16.31|
EPOCH[92/1000] loss0.693-|Sample:16.06|
EPOCH[93/1000] loss0.693-|Sample:15.63|
EPOCH[94/1000] loss0.693-|Sample:16.29|
EPOCH[95/1000] loss0.693-|Sample:16.03|
EPOCH[96/1000] loss0.693-|Sample:15.62|
EPOCH[97/1000] loss0.693-|Sample:15.33|
EPOCH[98/1000] loss0.693-|Sample:16.03|
EPOCH[99/1000] loss0.693-|Sample:16.53|
EPOCH[100/1000] loss0.693-|Sample:16.68|
[TEST]
{'precision': array([0.00149204]), 'recall': array([0.00348623]), 'ndcg': array([0.0020213])}
EPOCH[101/1000] loss0.693-|Sample:16.54|
EPOCH[102/1000] loss0.693-|Sample:15.74|
EPOCH[103/1000] loss0.693-|Sample:16.10|
EPOCH[104/1000] loss0.693-|Sample:15.72|
EPOCH[105/1000] loss0.693-|Sample:16.08|
EPOCH[106/1000] loss0.693-|Sample:15.12|
EPOCH[107/1000] loss0.693-|Sample:15.19|
EPOCH[108/1000] loss0.693-|Sample:15.67|
EPOCH[109/1000] loss0.693-|Sample:16.71|
EPOCH[110/1000] loss0.693-|Sample:16.41|
[TEST]
{'precision': array([0.00149204]), 'recall': array([0.00348623]), 'ndcg': array([0.0020213])}
EPOCH[111/1000] loss0.693-|Sample:16.24|
EPOCH[112/1000] loss0.693-|Sample:16.11|
EPOCH[113/1000] loss0.693-|Sample:15.79|
EPOCH[114/1000] loss0.693-|Sample:16.03|
EPOCH[115/1000] loss0.693-|Sample:15.80|
EPOCH[116/1000] loss0.693-|Sample:15.64|
EPOCH[117/1000] loss0.693-|Sample:15.02|
EPOCH[118/1000] loss0.693-|Sample:15.93|
EPOCH[119/1000] loss0.693-|Sample:16.54|
EPOCH[120/1000] loss0.693-|Sample:16.78|
[TEST]
{'precision': array([0.00149204]), 'recall': array([0.00348623]), 'ndcg': array([0.0020213])}
EPOCH[121/1000] loss0.693-|Sample:16.28|
EPOCH[122/1000] loss0.693-|Sample:15.89|
EPOCH[123/1000] loss0.693-|Sample:15.94|
EPOCH[124/1000] loss0.693-|Sample:15.82|
EPOCH[125/1000] loss0.693-|Sample:15.92|
EPOCH[126/1000] loss0.693-|Sample:15.24|
EPOCH[127/1000] loss0.693-|Sample:15.32|
EPOCH[128/1000] loss0.693-|Sample:15.95|
EPOCH[129/1000] loss0.693-|Sample:16.63|
EPOCH[130/1000] loss0.693-|Sample:16.73|
[TEST]
{'precision': array([0.00149204]), 'recall': array([0.00348623]), 'ndcg': array([0.0020213])}
EPOCH[131/1000] loss0.693-|Sample:18.80|
EPOCH[132/1000] loss0.693-|Sample:16.63|
EPOCH[133/1000] loss0.693-|Sample:16.48|
EPOCH[134/1000] loss0.693-|Sample:15.88|
EPOCH[135/1000] loss0.693-|Sample:16.15|
EPOCH[136/1000] loss0.693-|Sample:15.21|
EPOCH[137/1000] loss0.693-|Sample:15.78|
EPOCH[138/1000] loss0.693-|Sample:17.88|
EPOCH[139/1000] loss0.693-|Sample:17.50|
EPOCH[140/1000] loss0.693-|Sample:16.97|
[TEST]
{'precision': array([0.00149204]), 'recall': array([0.00348623]), 'ndcg': array([0.0020213])}
EPOCH[141/1000] loss0.693-|Sample:16.45|
EPOCH[142/1000] loss0.693-|Sample:15.90|
EPOCH[143/1000] loss0.693-|Sample:16.10|
EPOCH[144/1000] loss0.693-|Sample:16.06|
EPOCH[145/1000] loss0.693-|Sample:16.24|
EPOCH[146/1000] loss0.693-|Sample:15.37|
EPOCH[147/1000] loss0.693-|Sample:15.52|
EPOCH[148/1000] loss0.693-|Sample:15.72|
EPOCH[149/1000] loss0.693-|Sample:16.79|
EPOCH[150/1000] loss0.693-|Sample:16.49|
[TEST]
{'precision': array([0.00149204]), 'recall': array([0.00348623]), 'ndcg': array([0.0020213])}
EPOCH[151/1000] loss0.693-|Sample:16.44|
EPOCH[152/1000] loss0.693-|Sample:16.01|
EPOCH[153/1000] loss0.693-|Sample:15.77|
EPOCH[154/1000] loss0.693-|Sample:15.98|
EPOCH[155/1000] loss0.693-|Sample:16.01|
EPOCH[156/1000] loss0.693-|Sample:15.06|
EPOCH[157/1000] loss0.693-|Sample:15.38|
EPOCH[158/1000] loss0.693-|Sample:15.76|
EPOCH[159/1000] loss0.693-|Sample:16.80|
EPOCH[160/1000] loss0.693-|Sample:16.43|
[TEST]
{'precision': array([0.00149204]), 'recall': array([0.00348623]), 'ndcg': array([0.0020213])}
EPOCH[161/1000] loss0.693-|Sample:16.50|
EPOCH[162/1000] loss0.693-|Sample:15.98|
EPOCH[163/1000] loss0.693-|Sample:15.83|
EPOCH[164/1000] loss0.693-|Sample:15.96|
EPOCH[165/1000] loss0.693-|Sample:15.94|
EPOCH[166/1000] loss0.693-|Sample:15.41|
EPOCH[167/1000] loss0.693-|Sample:15.12|
EPOCH[168/1000] loss0.693-|Sample:16.15|
EPOCH[169/1000] loss0.693-|Sample:16.48|
EPOCH[170/1000] loss0.693-|Sample:17.05|
[TEST]
{'precision': array([0.00149204]), 'recall': array([0.00348623]), 'ndcg': array([0.0020213])}
EPOCH[171/1000] loss0.693-|Sample:16.32|
EPOCH[172/1000] loss0.693-|Sample:15.83|
EPOCH[173/1000] loss0.693-|Sample:16.03|
EPOCH[174/1000] loss0.693-|Sample:15.70|
EPOCH[175/1000] loss0.693-|Sample:16.10|
EPOCH[176/1000] loss0.693-|Sample:15.05|
EPOCH[177/1000] loss0.693-|Sample:15.28|
EPOCH[178/1000] loss0.693-|Sample:15.81|
EPOCH[179/1000] loss0.693-|Sample:16.91|
EPOCH[180/1000] loss0.693-|Sample:16.39|
[TEST]
{'precision': array([0.00149204]), 'recall': array([0.00348623]), 'ndcg': array([0.0020213])}
EPOCH[181/1000] loss0.693-|Sample:16.39|
EPOCH[182/1000] loss0.693-|Sample:16.07|
EPOCH[183/1000] loss0.693-|Sample:15.76|
EPOCH[184/1000] loss0.693-|Sample:16.07|
EPOCH[185/1000] loss0.693-|Sample:15.83|
EPOCH[186/1000] loss0.693-|Sample:15.32|
EPOCH[187/1000] loss0.693-|Sample:15.05|
EPOCH[188/1000] loss0.693-|Sample:15.88|
EPOCH[189/1000] loss0.693-|Sample:16.58|
EPOCH[190/1000] loss0.693-|Sample:16.75|
[TEST]
{'precision': array([0.00149204]), 'recall': array([0.00348623]), 'ndcg': array([0.0020213])}
EPOCH[191/1000] loss0.693-|Sample:16.45|
EPOCH[192/1000] loss0.693-|Sample:15.83|
EPOCH[193/1000] loss0.693-|Sample:16.28|
EPOCH[194/1000] loss0.693-|Sample:16.03|
EPOCH[195/1000] loss0.693-|Sample:16.28|
EPOCH[196/1000] loss0.693-|Sample:15.16|
EPOCH[197/1000] loss0.693-|Sample:15.17|
EPOCH[198/1000] loss0.693-|Sample:15.84|
EPOCH[199/1000] loss0.693-|Sample:16.50|
EPOCH[200/1000] loss0.693-|Sample:16.72|
[TEST]
{'precision': array([0.00149204]), 'recall': array([0.00348623]), 'ndcg': array([0.0020213])}
EPOCH[201/1000] loss0.693-|Sample:16.40|
EPOCH[202/1000] loss0.693-|Sample:16.02|
EPOCH[203/1000] loss0.693-|Sample:15.72|
EPOCH[204/1000] loss0.693-|Sample:16.14|
EPOCH[205/1000] loss0.693-|Sample:15.79|
EPOCH[206/1000] loss0.693-|Sample:15.25|
EPOCH[207/1000] loss0.693-|Sample:15.11|
EPOCH[208/1000] loss0.693-|Sample:15.92|
EPOCH[209/1000] loss0.693-|Sample:16.47|
EPOCH[210/1000] loss0.693-|Sample:16.69|
[TEST]
{'precision': array([0.00149204]), 'recall': array([0.00348623]), 'ndcg': array([0.0020213])}
EPOCH[211/1000] loss0.693-|Sample:16.49|
EPOCH[212/1000] loss0.693-|Sample:15.66|
EPOCH[213/1000] loss0.693-|Sample:16.08|
EPOCH[214/1000] loss0.693-|Sample:15.66|
EPOCH[215/1000] loss0.693-|Sample:16.07|
EPOCH[216/1000] loss0.693-|Sample:15.00|
EPOCH[217/1000] loss0.693-|Sample:15.34|
EPOCH[218/1000] loss0.693-|Sample:16.11|
EPOCH[219/1000] loss0.693-|Sample:16.72|
EPOCH[220/1000] loss0.693-|Sample:16.67|
[TEST]
{'precision': array([0.00149204]), 'recall': array([0.00348623]), 'ndcg': array([0.0020213])}
EPOCH[221/1000] loss0.693-|Sample:16.49|
EPOCH[222/1000] loss0.693-|Sample:15.98|
EPOCH[223/1000] loss0.693-|Sample:15.72|
EPOCH[224/1000] loss0.693-|Sample:16.01|
EPOCH[225/1000] loss0.693-|Sample:15.80|
EPOCH[226/1000] loss0.693-|Sample:15.39|
EPOCH[227/1000] loss0.693-|Sample:14.94|
EPOCH[228/1000] loss0.693-|Sample:16.36|
EPOCH[229/1000] loss0.693-|Sample:16.33|
EPOCH[230/1000] loss0.693-|Sample:16.79|
[TEST]
{'precision': array([0.00149204]), 'recall': array([0.00348623]), 'ndcg': array([0.0020213])}
EPOCH[231/1000] loss0.693-|Sample:16.49|
EPOCH[232/1000] loss0.693-|Sample:15.75|
EPOCH[233/1000] loss0.693-|Sample:16.03|
EPOCH[234/1000] loss0.693-|Sample:15.82|
EPOCH[235/1000] loss0.693-|Sample:16.15|
EPOCH[236/1000] loss0.693-|Sample:15.01|
EPOCH[237/1000] loss0.693-|Sample:15.40|
EPOCH[238/1000] loss0.693-|Sample:15.80|
EPOCH[239/1000] loss0.693-|Sample:16.75|
EPOCH[240/1000] loss0.693-|Sample:17.80|
[TEST]
{'precision': array([0.00149204]), 'recall': array([0.00348623]), 'ndcg': array([0.0020213])}
EPOCH[241/1000] loss0.693-|Sample:16.44|
EPOCH[242/1000] loss0.693-|Sample:16.21|
EPOCH[243/1000] loss0.693-|Sample:15.98|
EPOCH[244/1000] loss0.693-|Sample:16.01|
EPOCH[245/1000] loss0.693-|Sample:16.08|
EPOCH[246/1000] loss0.693-|Sample:15.46|
EPOCH[247/1000] loss0.693-|Sample:15.04|
EPOCH[248/1000] loss0.693-|Sample:16.05|
EPOCH[249/1000] loss0.693-|Sample:16.24|
EPOCH[250/1000] loss0.693-|Sample:16.71|
[TEST]
{'precision': array([0.00149204]), 'recall': array([0.00348623]), 'ndcg': array([0.0020213])}
EPOCH[251/1000] loss0.693-|Sample:16.46|
EPOCH[252/1000] loss0.693-|Sample:15.83|
EPOCH[253/1000] loss0.693-|Sample:16.09|
EPOCH[254/1000] loss0.693-|Sample:15.86|
EPOCH[255/1000] loss0.693-|Sample:16.07|
EPOCH[256/1000] loss0.693-|Sample:15.18|
EPOCH[257/1000] loss0.693-|Sample:15.39|
EPOCH[258/1000] loss0.693-|Sample:15.77|
EPOCH[259/1000] loss0.693-|Sample:16.73|
EPOCH[260/1000] loss0.693-|Sample:16.51|
[TEST]
{'precision': array([0.00149204]), 'recall': array([0.00348623]), 'ndcg': array([0.0020213])}
EPOCH[261/1000] loss0.693-|Sample:16.50|
EPOCH[262/1000] loss0.693-|Sample:15.91|
EPOCH[263/1000] loss0.693-|Sample:15.65|
EPOCH[264/1000] loss0.693-|Sample:16.08|
EPOCH[265/1000] loss0.693-|Sample:15.66|
EPOCH[266/1000] loss0.693-|Sample:15.41|
EPOCH[267/1000] loss0.693-|Sample:15.02|
EPOCH[268/1000] loss0.693-|Sample:16.14|
EPOCH[269/1000] loss0.693-|Sample:16.46|
EPOCH[270/1000] loss0.693-|Sample:17.00|
[TEST]
{'precision': array([0.00149204]), 'recall': array([0.00348623]), 'ndcg': array([0.0020213])}
EPOCH[271/1000] loss0.693-|Sample:16.36|
EPOCH[272/1000] loss0.693-|Sample:15.88|
EPOCH[273/1000] loss0.693-|Sample:15.99|
EPOCH[274/1000] loss0.693-|Sample:15.79|
EPOCH[275/1000] loss0.693-|Sample:16.11|
EPOCH[276/1000] loss0.693-|Sample:15.09|
EPOCH[277/1000] loss0.693-|Sample:15.39|
EPOCH[278/1000] loss0.693-|Sample:15.71|
EPOCH[279/1000] loss0.693-|Sample:16.63|
EPOCH[280/1000] loss0.693-|Sample:16.50|
[TEST]
{'precision': array([0.00149204]), 'recall': array([0.00348623]), 'ndcg': array([0.0020213])}
EPOCH[281/1000] loss0.693-|Sample:16.35|
EPOCH[282/1000] loss0.693-|Sample:17.36|
EPOCH[283/1000] loss0.693-|Sample:16.50|
EPOCH[284/1000] loss0.693-|Sample:15.98|
EPOCH[285/1000] loss0.693-|Sample:16.19|
EPOCH[286/1000] loss0.693-|Sample:16.94|
EPOCH[287/1000] loss0.693-|Sample:15.54|
EPOCH[288/1000] loss0.693-|Sample:16.09|
EPOCH[289/1000] loss0.693-|Sample:16.62|
EPOCH[290/1000] loss0.693-|Sample:16.60|
[TEST]
{'precision': array([0.00149204]), 'recall': array([0.00348623]), 'ndcg': array([0.0020213])}
EPOCH[291/1000] loss0.693-|Sample:16.43|
EPOCH[292/1000] loss0.693-|Sample:16.23|
EPOCH[293/1000] loss0.693-|Sample:16.02|
EPOCH[294/1000] loss0.693-|Sample:17.40|
EPOCH[295/1000] loss0.693-|Sample:16.41|
EPOCH[296/1000] loss0.693-|Sample:15.32|
EPOCH[297/1000] loss0.693-|Sample:15.24|
EPOCH[298/1000] loss0.693-|Sample:15.97|
EPOCH[299/1000] loss0.693-|Sample:16.47|
EPOCH[300/1000] loss0.693-|Sample:16.81|
[TEST]
{'precision': array([0.00149204]), 'recall': array([0.00348623]), 'ndcg': array([0.0020213])}
EPOCH[301/1000] loss0.693-|Sample:16.31|
EPOCH[302/1000] loss0.693-|Sample:16.21|
EPOCH[303/1000] loss0.693-|Sample:15.72|
EPOCH[304/1000] loss0.693-|Sample:16.06|
EPOCH[305/1000] loss0.693-|Sample:15.70|
EPOCH[306/1000] loss0.693-|Sample:15.30|
EPOCH[307/1000] loss0.693-|Sample:15.05|
EPOCH[308/1000] loss0.693-|Sample:15.88|
EPOCH[309/1000] loss0.693-|Sample:16.51|
EPOCH[310/1000] loss0.693-|Sample:16.67|
[TEST]
{'precision': array([0.00149204]), 'recall': array([0.00348623]), 'ndcg': array([0.0020213])}
EPOCH[311/1000] loss0.693-|Sample:16.54|
EPOCH[312/1000] loss0.693-|Sample:15.66|
EPOCH[313/1000] loss0.693-|Sample:16.23|
EPOCH[314/1000] loss0.693-|Sample:15.77|
EPOCH[315/1000] loss0.693-|Sample:16.18|
EPOCH[316/1000] loss0.693-|Sample:15.02|
EPOCH[317/1000] loss0.693-|Sample:15.28|
EPOCH[318/1000] loss0.693-|Sample:15.89|
EPOCH[319/1000] loss0.693-|Sample:16.98|
EPOCH[320/1000] loss0.693-|Sample:16.67|
[TEST]
{'precision': array([0.00149204]), 'recall': array([0.00348623]), 'ndcg': array([0.0020213])}
EPOCH[321/1000] loss0.693-|Sample:16.35|
EPOCH[322/1000] loss0.693-|Sample:16.06|
EPOCH[323/1000] loss0.693-|Sample:15.72|
EPOCH[324/1000] loss0.693-|Sample:16.17|
EPOCH[325/1000] loss0.693-|Sample:15.68|
EPOCH[326/1000] loss0.693-|Sample:15.40|
EPOCH[327/1000] loss0.693-|Sample:15.02|
EPOCH[328/1000] loss0.693-|Sample:15.86|
EPOCH[329/1000] loss0.693-|Sample:18.01|
EPOCH[330/1000] loss0.693-|Sample:17.04|
[TEST]
{'precision': array([0.00149204]), 'recall': array([0.00348623]), 'ndcg': array([0.0020213])}
EPOCH[331/1000] loss0.693-|Sample:16.50|
EPOCH[332/1000] loss0.693-|Sample:15.80|
EPOCH[333/1000] loss0.693-|Sample:16.15|
EPOCH[334/1000] loss0.693-|Sample:15.67|
EPOCH[335/1000] loss0.693-|Sample:16.08|
EPOCH[336/1000] loss0.693-|Sample:15.04|
EPOCH[337/1000] loss0.693-|Sample:15.35|
EPOCH[338/1000] loss0.693-|Sample:15.74|
EPOCH[339/1000] loss0.693-|Sample:16.96|
EPOCH[340/1000] loss0.693-|Sample:16.53|
[TEST]
{'precision': array([0.00149204]), 'recall': array([0.00348623]), 'ndcg': array([0.0020213])}
EPOCH[341/1000] loss0.693-|Sample:16.64|
EPOCH[342/1000] loss0.693-|Sample:16.26|
EPOCH[343/1000] loss0.693-|Sample:16.28|
EPOCH[344/1000] loss0.693-|Sample:16.33|
EPOCH[345/1000] loss0.693-|Sample:15.74|
EPOCH[346/1000] loss0.693-|Sample:15.39|
EPOCH[347/1000] loss0.693-|Sample:15.07|
EPOCH[348/1000] loss0.693-|Sample:15.83|
EPOCH[349/1000] loss0.693-|Sample:16.50|
EPOCH[350/1000] loss0.693-|Sample:16.63|
[TEST]
{'precision': array([0.00149204]), 'recall': array([0.00348623]), 'ndcg': array([0.0020213])}
EPOCH[351/1000] loss0.693-|Sample:16.79|
EPOCH[352/1000] loss0.693-|Sample:15.81|
EPOCH[353/1000] loss0.693-|Sample:16.23|
EPOCH[354/1000] loss0.693-|Sample:15.79|
EPOCH[355/1000] loss0.693-|Sample:16.18|
EPOCH[356/1000] loss0.693-|Sample:15.34|
EPOCH[357/1000] loss0.693-|Sample:16.20|
EPOCH[358/1000] loss0.693-|Sample:16.89|
EPOCH[359/1000] loss0.693-|Sample:17.05|
EPOCH[360/1000] loss0.693-|Sample:16.53|
[TEST]
{'precision': array([0.00149204]), 'recall': array([0.00348623]), 'ndcg': array([0.0020213])}
EPOCH[361/1000] loss0.693-|Sample:16.42|
EPOCH[362/1000] loss0.693-|Sample:16.05|
EPOCH[363/1000] loss0.693-|Sample:15.69|
EPOCH[364/1000] loss0.693-|Sample:16.17|
EPOCH[365/1000] loss0.693-|Sample:15.81|
EPOCH[366/1000] loss0.693-|Sample:15.49|
EPOCH[367/1000] loss0.693-|Sample:15.06|
EPOCH[368/1000] loss0.693-|Sample:16.29|
EPOCH[369/1000] loss0.693-|Sample:16.56|
EPOCH[370/1000] loss0.693-|Sample:16.84|
[TEST]
{'precision': array([0.00149204]), 'recall': array([0.00348623]), 'ndcg': array([0.0020213])}
EPOCH[371/1000] loss0.693-|Sample:16.48|
EPOCH[372/1000] loss0.693-|Sample:15.70|
EPOCH[373/1000] loss0.693-|Sample:16.09|
EPOCH[374/1000] loss0.693-|Sample:15.70|
EPOCH[375/1000] loss0.693-|Sample:16.20|
EPOCH[376/1000] loss0.693-|Sample:15.01|
EPOCH[377/1000] loss0.693-|Sample:15.37|
EPOCH[378/1000] loss0.693-|Sample:15.70|
EPOCH[379/1000] loss0.693-|Sample:17.21|
EPOCH[380/1000] loss0.693-|Sample:16.43|
[TEST]
{'precision': array([0.00149204]), 'recall': array([0.00348623]), 'ndcg': array([0.0020213])}
EPOCH[381/1000] loss0.693-|Sample:16.32|
EPOCH[382/1000] loss0.693-|Sample:15.96|
EPOCH[383/1000] loss0.693-|Sample:15.77|
EPOCH[384/1000] loss0.693-|Sample:16.06|
EPOCH[385/1000] loss0.693-|Sample:15.70|
EPOCH[386/1000] loss0.693-|Sample:15.35|
EPOCH[387/1000] loss0.693-|Sample:14.96|
EPOCH[388/1000] loss0.693-|Sample:16.04|
EPOCH[389/1000] loss0.693-|Sample:16.39|
EPOCH[390/1000] loss0.693-|Sample:16.70|
[TEST]
{'precision': array([0.00149204]), 'recall': array([0.00348623]), 'ndcg': array([0.0020213])}
EPOCH[391/1000] loss0.693-|Sample:16.63|
EPOCH[392/1000] loss0.693-|Sample:17.67|
EPOCH[393/1000] loss0.693-|Sample:16.34|
EPOCH[394/1000] loss0.693-|Sample:16.22|
EPOCH[395/1000] loss0.693-|Sample:16.01|
EPOCH[396/1000] loss0.693-|Sample:15.23|
EPOCH[397/1000] loss0.693-|Sample:15.28|
EPOCH[398/1000] loss0.693-|Sample:15.79|
EPOCH[399/1000] loss0.693-|Sample:16.52|
EPOCH[400/1000] loss0.693-|Sample:16.56|
[TEST]
{'precision': array([0.00149204]), 'recall': array([0.00348623]), 'ndcg': array([0.0020213])}
EPOCH[401/1000] loss0.693-|Sample:16.27|
EPOCH[402/1000] loss0.693-|Sample:16.11|
EPOCH[403/1000] loss0.693-|Sample:15.75|
EPOCH[404/1000] loss0.693-|Sample:16.16|
EPOCH[405/1000] loss0.693-|Sample:15.69|
EPOCH[406/1000] loss0.693-|Sample:15.37|
EPOCH[407/1000] loss0.693-|Sample:14.99|
EPOCH[408/1000] loss0.693-|Sample:16.00|
EPOCH[409/1000] loss0.693-|Sample:16.40|
EPOCH[410/1000] loss0.693-|Sample:16.79|
[TEST]
{'precision': array([0.00149204]), 'recall': array([0.00348623]), 'ndcg': array([0.0020213])}
EPOCH[411/1000] loss0.693-|Sample:16.39|
EPOCH[412/1000] loss0.693-|Sample:15.78|
EPOCH[413/1000] loss0.693-|Sample:16.07|
EPOCH[414/1000] loss0.693-|Sample:16.03|
EPOCH[415/1000] loss0.693-|Sample:16.20|
EPOCH[416/1000] loss0.693-|Sample:15.11|
EPOCH[417/1000] loss0.693-|Sample:15.60|
EPOCH[418/1000] loss0.693-|Sample:15.85|
EPOCH[419/1000] loss0.693-|Sample:17.02|
EPOCH[420/1000] loss0.693-|Sample:16.64|
[TEST]
{'precision': array([0.00149204]), 'recall': array([0.00348623]), 'ndcg': array([0.0020213])}
EPOCH[421/1000] loss0.693-|Sample:16.26|
EPOCH[422/1000] loss0.693-|Sample:16.17|
EPOCH[423/1000] loss0.693-|Sample:15.95|
EPOCH[424/1000] loss0.693-|Sample:16.04|
EPOCH[425/1000] loss0.693-|Sample:15.90|
EPOCH[426/1000] loss0.693-|Sample:15.59|
EPOCH[427/1000] loss0.693-|Sample:14.99|
EPOCH[428/1000] loss0.693-|Sample:15.97|
EPOCH[429/1000] loss0.693-|Sample:16.32|
EPOCH[430/1000] loss0.693-|Sample:16.81|
[TEST]
{'precision': array([0.00149204]), 'recall': array([0.00348623]), 'ndcg': array([0.0020213])}
EPOCH[431/1000] loss0.693-|Sample:16.33|
EPOCH[432/1000] loss0.693-|Sample:15.71|
EPOCH[433/1000] loss0.693-|Sample:16.14|
EPOCH[434/1000] loss0.693-|Sample:15.81|
EPOCH[435/1000] loss0.693-|Sample:16.20|
EPOCH[436/1000] loss0.693-|Sample:15.09|
EPOCH[437/1000] loss0.693-|Sample:15.48|
EPOCH[438/1000] loss0.693-|Sample:15.65|
EPOCH[439/1000] loss0.693-|Sample:16.80|
EPOCH[440/1000] loss0.693-|Sample:16.62|
[TEST]
{'precision': array([0.00149204]), 'recall': array([0.00348623]), 'ndcg': array([0.0020213])}
EPOCH[441/1000] loss0.693-|Sample:16.56|
EPOCH[442/1000] loss0.693-|Sample:16.25|
EPOCH[443/1000] loss0.693-|Sample:15.91|
EPOCH[444/1000] loss0.693-|Sample:16.10|
EPOCH[445/1000] loss0.693-|Sample:15.83|
EPOCH[446/1000] loss0.693-|Sample:15.48|
EPOCH[447/1000] loss0.693-|Sample:17.03|
EPOCH[448/1000] loss0.693-|Sample:16.14|
EPOCH[449/1000] loss0.693-|Sample:16.81|
EPOCH[450/1000] loss0.693-|Sample:16.61|
[TEST]
{'precision': array([0.00149204]), 'recall': array([0.00348623]), 'ndcg': array([0.0020213])}
EPOCH[451/1000] loss0.693-|Sample:16.70|
EPOCH[452/1000] loss0.693-|Sample:15.78|
EPOCH[453/1000] loss0.693-|Sample:16.03|
EPOCH[454/1000] loss0.693-|Sample:15.83|
EPOCH[455/1000] loss0.693-|Sample:15.96|
EPOCH[456/1000] loss0.693-|Sample:15.18|
EPOCH[457/1000] loss0.693-|Sample:15.29|
EPOCH[458/1000] loss0.693-|Sample:15.89|
EPOCH[459/1000] loss0.693-|Sample:16.53|
EPOCH[460/1000] loss0.693-|Sample:16.61|
[TEST]
{'precision': array([0.00149204]), 'recall': array([0.00348623]), 'ndcg': array([0.0020213])}
EPOCH[461/1000] loss0.693-|Sample:16.29|
EPOCH[462/1000] loss0.693-|Sample:16.11|
EPOCH[463/1000] loss0.693-|Sample:15.68|
EPOCH[464/1000] loss0.693-|Sample:16.13|
EPOCH[465/1000] loss0.693-|Sample:15.72|
EPOCH[466/1000] loss0.693-|Sample:15.52|
EPOCH[467/1000] loss0.693-|Sample:15.26|
EPOCH[468/1000] loss0.693-|Sample:16.06|
EPOCH[469/1000] loss0.693-|Sample:16.72|
EPOCH[470/1000] loss0.693-|Sample:16.85|
[TEST]
{'precision': array([0.00149204]), 'recall': array([0.00348623]), 'ndcg': array([0.0020213])}
EPOCH[471/1000] loss0.693-|Sample:16.63|
EPOCH[472/1000] loss0.693-|Sample:15.79|
EPOCH[473/1000] loss0.693-|Sample:16.06|
EPOCH[474/1000] loss0.693-|Sample:15.83|
EPOCH[475/1000] loss0.693-|Sample:16.23|
EPOCH[476/1000] loss0.693-|Sample:15.06|
EPOCH[477/1000] loss0.693-|Sample:15.08|
EPOCH[478/1000] loss0.693-|Sample:16.00|
EPOCH[479/1000] loss0.693-|Sample:16.51|
EPOCH[480/1000] loss0.693-|Sample:16.66|
[TEST]
{'precision': array([0.00149204]), 'recall': array([0.00348623]), 'ndcg': array([0.0020213])}
EPOCH[481/1000] loss0.693-|Sample:16.22|
EPOCH[482/1000] loss0.693-|Sample:16.02|
EPOCH[483/1000] loss0.693-|Sample:15.66|
EPOCH[484/1000] loss0.693-|Sample:16.11|
EPOCH[485/1000] loss0.693-|Sample:15.76|
EPOCH[486/1000] loss0.693-|Sample:15.40|
EPOCH[487/1000] loss0.693-|Sample:15.02|
EPOCH[488/1000] loss0.693-|Sample:16.14|
EPOCH[489/1000] loss0.693-|Sample:16.44|
EPOCH[490/1000] loss0.693-|Sample:16.79|
[TEST]
{'precision': array([0.00149204]), 'recall': array([0.00348623]), 'ndcg': array([0.0020213])}
EPOCH[491/1000] loss0.693-|Sample:16.55|
EPOCH[492/1000] loss0.693-|Sample:15.95|
EPOCH[493/1000] loss0.693-|Sample:16.32|
EPOCH[494/1000] loss0.693-|Sample:15.73|
EPOCH[495/1000] loss0.693-|Sample:16.16|
EPOCH[496/1000] loss0.693-|Sample:15.08|
EPOCH[497/1000] loss0.693-|Sample:15.34|
EPOCH[498/1000] loss0.693-|Sample:15.80|
EPOCH[499/1000] loss0.693-|Sample:16.61|
EPOCH[500/1000] loss0.693-|Sample:16.61|
[TEST]
{'precision': array([0.00149204]), 'recall': array([0.00348623]), 'ndcg': array([0.0020213])}
EPOCH[501/1000] loss0.693-|Sample:16.46|
EPOCH[502/1000] loss0.693-|Sample:15.85|
EPOCH[503/1000] loss0.693-|Sample:15.88|
EPOCH[504/1000] loss0.693-|Sample:15.88|
EPOCH[505/1000] loss0.693-|Sample:16.00|
EPOCH[506/1000] loss0.693-|Sample:15.20|
EPOCH[507/1000] loss0.693-|Sample:15.08|
EPOCH[508/1000] loss0.693-|Sample:15.67|
EPOCH[509/1000] loss0.693-|Sample:16.60|
EPOCH[510/1000] loss0.693-|Sample:16.62|
[TEST]
{'precision': array([0.00149204]), 'recall': array([0.00348623]), 'ndcg': array([0.0020213])}
EPOCH[511/1000] loss0.693-|Sample:16.57|
EPOCH[512/1000] loss0.693-|Sample:15.79|
EPOCH[513/1000] loss0.693-|Sample:16.21|
EPOCH[514/1000] loss0.693-|Sample:16.01|
EPOCH[515/1000] loss0.693-|Sample:16.11|
EPOCH[516/1000] loss0.693-|Sample:15.42|
EPOCH[517/1000] loss0.693-|Sample:15.32|
EPOCH[518/1000] loss0.693-|Sample:16.08|
EPOCH[519/1000] loss0.693-|Sample:16.63|
EPOCH[520/1000] loss0.693-|Sample:16.77|
[TEST]
{'precision': array([0.00149204]), 'recall': array([0.00348623]), 'ndcg': array([0.0020213])}
EPOCH[521/1000] loss0.693-|Sample:16.90|
EPOCH[522/1000] loss0.693-|Sample:16.03|
EPOCH[523/1000] loss0.693-|Sample:15.78|
EPOCH[524/1000] loss0.693-|Sample:16.10|
EPOCH[525/1000] loss0.693-|Sample:15.69|
EPOCH[526/1000] loss0.693-|Sample:15.48|
EPOCH[527/1000] loss0.693-|Sample:14.96|
EPOCH[528/1000] loss0.693-|Sample:16.13|
EPOCH[529/1000] loss0.693-|Sample:17.88|
EPOCH[530/1000] loss0.693-|Sample:16.91|
[TEST]
{'precision': array([0.00149204]), 'recall': array([0.00348623]), 'ndcg': array([0.0020213])}
EPOCH[531/1000] loss0.693-|Sample:16.44|
EPOCH[532/1000] loss0.693-|Sample:15.80|
EPOCH[533/1000] loss0.693-|Sample:16.19|
EPOCH[534/1000] loss0.693-|Sample:15.77|
EPOCH[535/1000] loss0.693-|Sample:16.15|
EPOCH[536/1000] loss0.693-|Sample:15.15|
EPOCH[537/1000] loss0.693-|Sample:15.31|
EPOCH[538/1000] loss0.693-|Sample:15.84|
EPOCH[539/1000] loss0.693-|Sample:16.66|
EPOCH[540/1000] loss0.693-|Sample:16.50|
[TEST]
{'precision': array([0.00149204]), 'recall': array([0.00348623]), 'ndcg': array([0.0020213])}
EPOCH[541/1000] loss0.693-|Sample:16.58|
EPOCH[542/1000] loss0.693-|Sample:16.33|
EPOCH[543/1000] loss0.693-|Sample:15.68|
EPOCH[544/1000] loss0.693-|Sample:16.03|
EPOCH[545/1000] loss0.693-|Sample:15.89|
EPOCH[546/1000] loss0.693-|Sample:15.33|
EPOCH[547/1000] loss0.693-|Sample:15.05|
EPOCH[548/1000] loss0.693-|Sample:15.97|
EPOCH[549/1000] loss0.693-|Sample:16.52|
EPOCH[550/1000] loss0.693-|Sample:16.76|
[TEST]
{'precision': array([0.00149204]), 'recall': array([0.00348623]), 'ndcg': array([0.0020213])}
EPOCH[551/1000] loss0.693-|Sample:16.46|
EPOCH[552/1000] loss0.693-|Sample:15.78|
EPOCH[553/1000] loss0.693-|Sample:16.35|
EPOCH[554/1000] loss0.693-|Sample:16.10|
EPOCH[555/1000] loss0.693-|Sample:16.23|
EPOCH[556/1000] loss0.693-|Sample:15.11|
EPOCH[557/1000] loss0.693-|Sample:15.42|
EPOCH[558/1000] loss0.693-|Sample:15.69|
EPOCH[559/1000] loss0.693-|Sample:16.69|
EPOCH[560/1000] loss0.693-|Sample:16.48|
[TEST]
{'precision': array([0.00149204]), 'recall': array([0.00348623]), 'ndcg': array([0.0020213])}
EPOCH[561/1000] loss0.693-|Sample:16.27|
EPOCH[562/1000] loss0.693-|Sample:16.03|
EPOCH[563/1000] loss0.693-|Sample:15.70|
EPOCH[564/1000] loss0.693-|Sample:16.08|
EPOCH[565/1000] loss0.693-|Sample:17.67|
EPOCH[566/1000] loss0.693-|Sample:15.50|
EPOCH[567/1000] loss0.693-|Sample:15.44|
EPOCH[568/1000] loss0.693-|Sample:16.35|
EPOCH[569/1000] loss0.693-|Sample:17.10|
EPOCH[570/1000] loss0.693-|Sample:16.88|
[TEST]
{'precision': array([0.00149204]), 'recall': array([0.00348623]), 'ndcg': array([0.0020213])}
EPOCH[571/1000] loss0.693-|Sample:16.55|
EPOCH[572/1000] loss0.693-|Sample:16.00|
EPOCH[573/1000] loss0.693-|Sample:15.99|
EPOCH[574/1000] loss0.693-|Sample:15.89|
EPOCH[575/1000] loss0.693-|Sample:15.90|
EPOCH[576/1000] loss0.693-|Sample:15.64|
EPOCH[577/1000] loss0.693-|Sample:15.60|
EPOCH[578/1000] loss0.693-|Sample:15.71|
EPOCH[579/1000] loss0.693-|Sample:16.93|
EPOCH[580/1000] loss0.693-|Sample:16.70|
[TEST]
{'precision': array([0.00149204]), 'recall': array([0.00348623]), 'ndcg': array([0.0020213])}
EPOCH[581/1000] loss0.693-|Sample:16.54|
EPOCH[582/1000] loss0.693-|Sample:15.77|
EPOCH[583/1000] loss0.693-|Sample:16.08|
EPOCH[584/1000] loss0.693-|Sample:15.98|
EPOCH[585/1000] loss0.693-|Sample:16.12|
EPOCH[586/1000] loss0.693-|Sample:15.07|
EPOCH[587/1000] loss0.693-|Sample:15.22|
EPOCH[588/1000] loss0.693-|Sample:15.75|
EPOCH[589/1000] loss0.693-|Sample:16.58|
EPOCH[590/1000] loss0.693-|Sample:16.52|
[TEST]
{'precision': array([0.00149204]), 'recall': array([0.00348623]), 'ndcg': array([0.0020213])}
EPOCH[591/1000] loss0.693-|Sample:16.55|
EPOCH[592/1000] loss0.693-|Sample:16.03|
EPOCH[593/1000] loss0.693-|Sample:15.85|
EPOCH[594/1000] loss0.693-|Sample:16.07|
EPOCH[595/1000] loss0.693-|Sample:15.73|
EPOCH[596/1000] loss0.693-|Sample:15.37|
EPOCH[597/1000] loss0.693-|Sample:15.11|
EPOCH[598/1000] loss0.693-|Sample:15.93|
EPOCH[599/1000] loss0.693-|Sample:16.45|
EPOCH[600/1000] loss0.693-|Sample:16.79|
[TEST]
{'precision': array([0.00149204]), 'recall': array([0.00348623]), 'ndcg': array([0.0020213])}
EPOCH[601/1000] loss0.693-|Sample:16.29|
EPOCH[602/1000] loss0.693-|Sample:15.90|
EPOCH[603/1000] loss0.693-|Sample:15.90|
EPOCH[604/1000] loss0.693-|Sample:15.72|
EPOCH[605/1000] loss0.693-|Sample:16.04|
EPOCH[606/1000] loss0.693-|Sample:15.08|
EPOCH[607/1000] loss0.693-|Sample:16.39|
EPOCH[608/1000] loss0.693-|Sample:16.18|
EPOCH[609/1000] loss0.693-|Sample:16.77|
EPOCH[610/1000] loss0.693-|Sample:16.84|
[TEST]
{'precision': array([0.00149204]), 'recall': array([0.00348623]), 'ndcg': array([0.0020213])}
EPOCH[611/1000] loss0.693-|Sample:16.60|
EPOCH[612/1000] loss0.693-|Sample:15.69|
EPOCH[613/1000] loss0.693-|Sample:15.91|
EPOCH[614/1000] loss0.693-|Sample:15.99|
EPOCH[615/1000] loss0.693-|Sample:16.15|
EPOCH[616/1000] loss0.693-|Sample:15.41|
EPOCH[617/1000] loss0.693-|Sample:15.27|
EPOCH[618/1000] loss0.693-|Sample:16.13|
EPOCH[619/1000] loss0.693-|Sample:16.46|
EPOCH[620/1000] loss0.693-|Sample:16.76|
[TEST]
{'precision': array([0.00149204]), 'recall': array([0.00348623]), 'ndcg': array([0.0020213])}
EPOCH[621/1000] loss0.693-|Sample:16.62|
EPOCH[622/1000] loss0.693-|Sample:16.08|
EPOCH[623/1000] loss0.693-|Sample:15.89|
EPOCH[624/1000] loss0.693-|Sample:15.84|
EPOCH[625/1000] loss0.693-|Sample:16.05|
EPOCH[626/1000] loss0.693-|Sample:15.27|
EPOCH[627/1000] loss0.693-|Sample:15.16|
EPOCH[628/1000] loss0.693-|Sample:15.93|
EPOCH[629/1000] loss0.693-|Sample:16.72|
EPOCH[630/1000] loss0.693-|Sample:16.48|
[TEST]
{'precision': array([0.00149204]), 'recall': array([0.00348623]), 'ndcg': array([0.0020213])}
EPOCH[631/1000] loss0.693-|Sample:16.64|
EPOCH[632/1000] loss0.693-|Sample:15.66|
EPOCH[633/1000] loss0.693-|Sample:16.12|
EPOCH[634/1000] loss0.693-|Sample:15.75|
EPOCH[635/1000] loss0.693-|Sample:16.18|
EPOCH[636/1000] loss0.693-|Sample:15.12|
EPOCH[637/1000] loss0.693-|Sample:15.28|
EPOCH[638/1000] loss0.693-|Sample:15.86|
EPOCH[639/1000] loss0.693-|Sample:16.64|
EPOCH[640/1000] loss0.693-|Sample:16.46|
[TEST]
{'precision': array([0.00149204]), 'recall': array([0.00348623]), 'ndcg': array([0.0020213])}
EPOCH[641/1000] loss0.693-|Sample:16.34|
EPOCH[642/1000] loss0.693-|Sample:16.06|
EPOCH[643/1000] loss0.693-|Sample:15.70|
EPOCH[644/1000] loss0.693-|Sample:16.08|
EPOCH[645/1000] loss0.693-|Sample:15.80|
EPOCH[646/1000] loss0.693-|Sample:15.39|
EPOCH[647/1000] loss0.693-|Sample:15.00|
EPOCH[648/1000] loss0.693-|Sample:16.08|
EPOCH[649/1000] loss0.693-|Sample:16.33|
EPOCH[650/1000] loss0.693-|Sample:16.81|
[TEST]
{'precision': array([0.00149204]), 'recall': array([0.00348623]), 'ndcg': array([0.0020213])}
EPOCH[651/1000] loss0.693-|Sample:16.39|
EPOCH[652/1000] loss0.693-|Sample:16.24|
EPOCH[653/1000] loss0.693-|Sample:16.13|
EPOCH[654/1000] loss0.693-|Sample:15.74|
EPOCH[655/1000] loss0.693-|Sample:16.20|
EPOCH[656/1000] loss0.693-|Sample:15.05|
EPOCH[657/1000] loss0.693-|Sample:15.54|
EPOCH[658/1000] loss0.693-|Sample:15.67|
EPOCH[659/1000] loss0.693-|Sample:16.92|
EPOCH[660/1000] loss0.693-|Sample:16.65|
[TEST]
{'precision': array([0.00149204]), 'recall': array([0.00348623]), 'ndcg': array([0.0020213])}
EPOCH[661/1000] loss0.693-|Sample:16.69|
EPOCH[662/1000] loss0.693-|Sample:16.15|
EPOCH[663/1000] loss0.693-|Sample:16.02|
EPOCH[664/1000] loss0.693-|Sample:16.42|
EPOCH[665/1000] loss0.693-|Sample:16.22|
EPOCH[666/1000] loss0.693-|Sample:15.52|
EPOCH[667/1000] loss0.693-|Sample:15.29|
EPOCH[668/1000] loss0.693-|Sample:16.21|
EPOCH[669/1000] loss0.693-|Sample:16.51|
EPOCH[670/1000] loss0.693-|Sample:17.12|
[TEST]
{'precision': array([0.00149204]), 'recall': array([0.00348623]), 'ndcg': array([0.0020213])}
EPOCH[671/1000] loss0.693-|Sample:16.58|
EPOCH[672/1000] loss0.693-|Sample:16.02|
EPOCH[673/1000] loss0.693-|Sample:16.08|
EPOCH[674/1000] loss0.693-|Sample:16.03|
EPOCH[675/1000] loss0.693-|Sample:16.19|
EPOCH[676/1000] loss0.693-|Sample:15.38|
EPOCH[677/1000] loss0.693-|Sample:15.61|
EPOCH[678/1000] loss0.693-|Sample:17.63|
EPOCH[679/1000] loss0.693-|Sample:18.76|
EPOCH[680/1000] loss0.693-|Sample:19.37|
[TEST]
{'precision': array([0.00149204]), 'recall': array([0.00348623]), 'ndcg': array([0.0020213])}
EPOCH[681/1000] loss0.693-|Sample:17.00|
EPOCH[682/1000] loss0.693-|Sample:15.97|
EPOCH[683/1000] loss0.693-|Sample:17.36|
EPOCH[684/1000] loss0.693-|Sample:17.82|
EPOCH[685/1000] loss0.693-|Sample:16.64|
EPOCH[686/1000] loss0.693-|Sample:16.64|
EPOCH[687/1000] loss0.693-|Sample:16.81|
EPOCH[688/1000] loss0.693-|Sample:16.58|
EPOCH[689/1000] loss0.693-|Sample:17.28|
EPOCH[690/1000] loss0.693-|Sample:17.05|
[TEST]
{'precision': array([0.00149204]), 'recall': array([0.00348623]), 'ndcg': array([0.0020213])}
EPOCH[691/1000] loss0.693-|Sample:16.59|
EPOCH[692/1000] loss0.693-|Sample:16.08|
EPOCH[693/1000] loss0.693-|Sample:16.18|
EPOCH[694/1000] loss0.693-|Sample:16.17|
EPOCH[695/1000] loss0.693-|Sample:16.32|
EPOCH[696/1000] loss0.693-|Sample:16.84|
EPOCH[697/1000] loss0.693-|Sample:16.80|
EPOCH[698/1000] loss0.693-|Sample:17.57|
EPOCH[699/1000] loss0.693-|Sample:18.34|
EPOCH[700/1000] loss0.693-|Sample:18.65|
[TEST]
{'precision': array([0.00149204]), 'recall': array([0.00348623]), 'ndcg': array([0.0020213])}
EPOCH[701/1000] loss0.693-|Sample:16.82|
EPOCH[702/1000] loss0.693-|Sample:16.06|
EPOCH[703/1000] loss0.693-|Sample:17.47|
EPOCH[704/1000] loss0.693-|Sample:17.65|
EPOCH[705/1000] loss0.693-|Sample:16.35|
EPOCH[706/1000] loss0.693-|Sample:15.37|
EPOCH[707/1000] loss0.693-|Sample:16.36|
EPOCH[708/1000] loss0.693-|Sample:17.51|
EPOCH[709/1000] loss0.693-|Sample:18.44|
EPOCH[710/1000] loss0.693-|Sample:17.23|
[TEST]
{'precision': array([0.00149204]), 'recall': array([0.00348623]), 'ndcg': array([0.0020213])}
EPOCH[711/1000] loss0.693-|Sample:16.57|
EPOCH[712/1000] loss0.693-|Sample:16.06|
EPOCH[713/1000] loss0.693-|Sample:17.34|
EPOCH[714/1000] loss0.693-|Sample:16.41|
EPOCH[715/1000] loss0.693-|Sample:16.18|
EPOCH[716/1000] loss0.693-|Sample:15.73|
EPOCH[717/1000] loss0.693-|Sample:15.41|
EPOCH[718/1000] loss0.693-|Sample:16.26|
EPOCH[719/1000] loss0.693-|Sample:18.10|
EPOCH[720/1000] loss0.693-|Sample:18.89|
[TEST]
{'precision': array([0.00149204]), 'recall': array([0.00348623]), 'ndcg': array([0.0020213])}
EPOCH[721/1000] loss0.693-|Sample:16.87|
EPOCH[722/1000] loss0.693-|Sample:16.05|
EPOCH[723/1000] loss0.693-|Sample:16.46|
EPOCH[724/1000] loss0.693-|Sample:17.76|
EPOCH[725/1000] loss0.693-|Sample:16.66|
EPOCH[726/1000] loss0.693-|Sample:15.53|
EPOCH[727/1000] loss0.693-|Sample:16.66|
EPOCH[728/1000] loss0.693-|Sample:16.55|
EPOCH[729/1000] loss0.693-|Sample:17.05|
EPOCH[730/1000] loss0.693-|Sample:18.22|
[TEST]
{'precision': array([0.00149204]), 'recall': array([0.00348623]), 'ndcg': array([0.0020213])}
EPOCH[731/1000] loss0.693-|Sample:17.04|
EPOCH[732/1000] loss0.693-|Sample:17.55|
EPOCH[733/1000] loss0.693-|Sample:16.62|
EPOCH[734/1000] loss0.693-|Sample:16.54|
EPOCH[735/1000] loss0.693-|Sample:16.57|
EPOCH[736/1000] loss0.693-|Sample:15.34|
EPOCH[737/1000] loss0.693-|Sample:15.53|
EPOCH[738/1000] loss0.693-|Sample:15.93|
EPOCH[739/1000] loss0.693-|Sample:18.23|
EPOCH[740/1000] loss0.693-|Sample:17.52|
[TEST]
{'precision': array([0.00149204]), 'recall': array([0.00348623]), 'ndcg': array([0.0020213])}
EPOCH[741/1000] loss0.693-|Sample:16.63|
EPOCH[742/1000] loss0.693-|Sample:16.31|
EPOCH[743/1000] loss0.693-|Sample:17.53|
EPOCH[744/1000] loss0.693-|Sample:17.76|
EPOCH[745/1000] loss0.693-|Sample:17.82|
EPOCH[746/1000] loss0.693-|Sample:16.92|
EPOCH[747/1000] loss0.693-|Sample:16.54|
EPOCH[748/1000] loss0.693-|Sample:16.40|
EPOCH[749/1000] loss0.693-|Sample:17.29|
EPOCH[750/1000] loss0.693-|Sample:16.99|
[TEST]
{'precision': array([0.00149204]), 'recall': array([0.00348623]), 'ndcg': array([0.0020213])}
EPOCH[751/1000] loss0.693-|Sample:16.76|
EPOCH[752/1000] loss0.693-|Sample:16.92|
EPOCH[753/1000] loss0.693-|Sample:17.56|
EPOCH[754/1000] loss0.693-|Sample:16.53|
EPOCH[755/1000] loss0.693-|Sample:17.70|
EPOCH[756/1000] loss0.693-|Sample:15.83|
EPOCH[757/1000] loss0.693-|Sample:16.97|
EPOCH[758/1000] loss0.693-|Sample:16.58|
EPOCH[759/1000] loss0.693-|Sample:18.13|
EPOCH[760/1000] loss0.693-|Sample:18.61|
[TEST]
{'precision': array([0.00149204]), 'recall': array([0.00348623]), 'ndcg': array([0.0020213])}
EPOCH[761/1000] loss0.693-|Sample:17.28|
EPOCH[762/1000] loss0.693-|Sample:16.86|
EPOCH[763/1000] loss0.693-|Sample:17.32|
EPOCH[764/1000] loss0.693-|Sample:18.00|
EPOCH[765/1000] loss0.693-|Sample:16.75|
EPOCH[766/1000] loss0.693-|Sample:17.04|
EPOCH[767/1000] loss0.693-|Sample:17.00|
EPOCH[768/1000] loss0.693-|Sample:17.91|
EPOCH[769/1000] loss0.693-|Sample:18.67|
EPOCH[770/1000] loss0.693-|Sample:17.77|
[TEST]
{'precision': array([0.00149204]), 'recall': array([0.00348623]), 'ndcg': array([0.0020213])}
EPOCH[771/1000] loss0.693-|Sample:16.85|
EPOCH[772/1000] loss0.693-|Sample:19.55|
EPOCH[773/1000] loss0.693-|Sample:20.13|
EPOCH[774/1000] loss0.693-|Sample:18.11|
EPOCH[775/1000] loss0.693-|Sample:16.92|
EPOCH[776/1000] loss0.693-|Sample:17.17|
EPOCH[777/1000] loss0.693-|Sample:18.07|
EPOCH[778/1000] loss0.693-|Sample:19.52|
EPOCH[779/1000] loss0.693-|Sample:17.77|
EPOCH[780/1000] loss0.693-|Sample:18.57|
[TEST]
{'precision': array([0.00149204]), 'recall': array([0.00348623]), 'ndcg': array([0.0020213])}
EPOCH[781/1000] loss0.693-|Sample:18.49|
EPOCH[782/1000] loss0.693-|Sample:17.50|
EPOCH[783/1000] loss0.693-|Sample:16.46|
EPOCH[784/1000] loss0.693-|Sample:16.03|
EPOCH[785/1000] loss0.693-|Sample:16.33|
EPOCH[786/1000] loss0.693-|Sample:17.09|
EPOCH[787/1000] loss0.693-|Sample:15.53|
EPOCH[788/1000] loss0.693-|Sample:17.44|
EPOCH[789/1000] loss0.693-|Sample:18.30|
EPOCH[790/1000] loss0.693-|Sample:18.49|
[TEST]
{'precision': array([0.00149204]), 'recall': array([0.00348623]), 'ndcg': array([0.0020213])}
EPOCH[791/1000] loss0.693-|Sample:16.75|
EPOCH[792/1000] loss0.693-|Sample:17.77|
EPOCH[793/1000] loss0.693-|Sample:16.65|
EPOCH[794/1000] loss0.693-|Sample:16.42|
EPOCH[795/1000] loss0.693-|Sample:17.48|
EPOCH[796/1000] loss0.693-|Sample:15.77|
EPOCH[797/1000] loss0.693-|Sample:15.73|
EPOCH[798/1000] loss0.693-|Sample:16.11|
EPOCH[799/1000] loss0.693-|Sample:18.43|
EPOCH[800/1000] loss0.693-|Sample:17.23|
[TEST]
{'precision': array([0.00149204]), 'recall': array([0.00348623]), 'ndcg': array([0.0020213])}
EPOCH[801/1000] loss0.693-|Sample:16.75|
EPOCH[802/1000] loss0.693-|Sample:17.38|
EPOCH[803/1000] loss0.693-|Sample:16.44|
EPOCH[804/1000] loss0.693-|Sample:16.33|
EPOCH[805/1000] loss0.693-|Sample:16.30|
EPOCH[806/1000] loss0.693-|Sample:16.64|
EPOCH[807/1000] loss0.693-|Sample:16.65|
EPOCH[808/1000] loss0.693-|Sample:16.70|
EPOCH[809/1000] loss0.693-|Sample:18.08|
EPOCH[810/1000] loss0.693-|Sample:18.83|
[TEST]
{'precision': array([0.00149204]), 'recall': array([0.00348623]), 'ndcg': array([0.0020213])}
EPOCH[811/1000] loss0.693-|Sample:16.71|
EPOCH[812/1000] loss0.693-|Sample:16.05|
EPOCH[813/1000] loss0.693-|Sample:16.56|
EPOCH[814/1000] loss0.693-|Sample:17.49|
EPOCH[815/1000] loss0.693-|Sample:16.61|
EPOCH[816/1000] loss0.693-|Sample:15.80|
EPOCH[817/1000] loss0.693-|Sample:15.50|
EPOCH[818/1000] loss0.693-|Sample:17.50|
EPOCH[819/1000] loss0.693-|Sample:18.37|
EPOCH[820/1000] loss0.693-|Sample:17.31|
[TEST]
{'precision': array([0.00149204]), 'recall': array([0.00348623]), 'ndcg': array([0.0020213])}
EPOCH[821/1000] loss0.693-|Sample:17.10|
EPOCH[822/1000] loss0.693-|Sample:17.34|
EPOCH[823/1000] loss0.693-|Sample:16.55|
EPOCH[824/1000] loss0.693-|Sample:17.33|
EPOCH[825/1000] loss0.693-|Sample:16.71|
EPOCH[826/1000] loss0.693-|Sample:15.66|
EPOCH[827/1000] loss0.693-|Sample:16.49|
EPOCH[828/1000] loss0.693-|Sample:17.50|
EPOCH[829/1000] loss0.693-|Sample:18.19|
EPOCH[830/1000] loss0.693-|Sample:18.95|
[TEST]
{'precision': array([0.00149204]), 'recall': array([0.00348623]), 'ndcg': array([0.0020213])}
EPOCH[831/1000] loss0.693-|Sample:16.58|
EPOCH[832/1000] loss0.693-|Sample:16.38|
EPOCH[833/1000] loss0.693-|Sample:16.02|
EPOCH[834/1000] loss0.693-|Sample:17.67|
EPOCH[835/1000] loss0.693-|Sample:16.68|
EPOCH[836/1000] loss0.693-|Sample:15.41|
EPOCH[837/1000] loss0.693-|Sample:16.75|
EPOCH[838/1000] loss0.693-|Sample:17.57|
EPOCH[839/1000] loss0.693-|Sample:18.06|
EPOCH[840/1000] loss0.693-|Sample:17.41|
[TEST]
{'precision': array([0.00149204]), 'recall': array([0.00348623]), 'ndcg': array([0.0020213])}
EPOCH[841/1000] loss0.693-|Sample:17.19|
EPOCH[842/1000] loss0.693-|Sample:17.43|
EPOCH[843/1000] loss0.693-|Sample:16.60|
EPOCH[844/1000] loss0.693-|Sample:16.52|
EPOCH[845/1000] loss0.693-|Sample:17.81|
EPOCH[846/1000] loss0.693-|Sample:16.62|
EPOCH[847/1000] loss0.693-|Sample:15.69|
EPOCH[848/1000] loss0.693-|Sample:18.03|
EPOCH[849/1000] loss0.693-|Sample:18.50|
EPOCH[850/1000] loss0.693-|Sample:18.42|
[TEST]
{'precision': array([0.00149204]), 'recall': array([0.00348623]), 'ndcg': array([0.0020213])}
EPOCH[851/1000] loss0.693-|Sample:16.78|
EPOCH[852/1000] loss0.693-|Sample:16.24|
EPOCH[853/1000] loss0.693-|Sample:16.30|
EPOCH[854/1000] loss0.693-|Sample:16.07|
EPOCH[855/1000] loss0.693-|Sample:16.53|
EPOCH[856/1000] loss0.693-|Sample:15.54|
EPOCH[857/1000] loss0.693-|Sample:15.80|
EPOCH[858/1000] loss0.693-|Sample:16.03|
EPOCH[859/1000] loss0.693-|Sample:17.20|
EPOCH[860/1000] loss0.693-|Sample:16.86|
[TEST]
{'precision': array([0.00149204]), 'recall': array([0.00348623]), 'ndcg': array([0.0020213])}
EPOCH[861/1000] loss0.693-|Sample:16.81|
EPOCH[862/1000] loss0.693-|Sample:16.49|
EPOCH[863/1000] loss0.693-|Sample:16.12|
EPOCH[864/1000] loss0.693-|Sample:17.47|
EPOCH[865/1000] loss0.693-|Sample:16.90|
EPOCH[866/1000] loss0.693-|Sample:15.52|
EPOCH[867/1000] loss0.693-|Sample:16.56|
EPOCH[868/1000] loss0.693-|Sample:17.69|
EPOCH[869/1000] loss0.693-|Sample:18.30|
EPOCH[870/1000] loss0.693-|Sample:17.23|
[TEST]
{'precision': array([0.00149204]), 'recall': array([0.00348623]), 'ndcg': array([0.0020213])}
EPOCH[871/1000] loss0.693-|Sample:16.63|
EPOCH[872/1000] loss0.693-|Sample:16.48|
EPOCH[873/1000] loss0.693-|Sample:17.46|
EPOCH[874/1000] loss0.693-|Sample:16.34|
EPOCH[875/1000] loss0.693-|Sample:16.59|
EPOCH[876/1000] loss0.693-|Sample:16.80|
EPOCH[877/1000] loss0.693-|Sample:16.63|
EPOCH[878/1000] loss0.693-|Sample:16.56|
EPOCH[879/1000] loss0.693-|Sample:17.23|
EPOCH[880/1000] loss0.693-|Sample:17.03|
[TEST]
{'precision': array([0.00149204]), 'recall': array([0.00348623]), 'ndcg': array([0.0020213])}
EPOCH[881/1000] loss0.693-|Sample:16.83|
EPOCH[882/1000] loss0.693-|Sample:15.96|
EPOCH[883/1000] loss0.693-|Sample:16.40|
EPOCH[884/1000] loss0.693-|Sample:16.06|
EPOCH[885/1000] loss0.693-|Sample:17.92|
EPOCH[886/1000] loss0.693-|Sample:15.60|
EPOCH[887/1000] loss0.693-|Sample:15.48|
EPOCH[888/1000] loss0.693-|Sample:17.56|
EPOCH[889/1000] loss0.693-|Sample:18.71|
EPOCH[890/1000] loss0.693-|Sample:18.61|
[TEST]
{'precision': array([0.00149204]), 'recall': array([0.00348623]), 'ndcg': array([0.0020213])}
EPOCH[891/1000] loss0.693-|Sample:16.75|
EPOCH[892/1000] loss0.693-|Sample:16.01|
EPOCH[893/1000] loss0.693-|Sample:17.50|
EPOCH[894/1000] loss0.693-|Sample:16.67|
EPOCH[895/1000] loss0.693-|Sample:16.35|
EPOCH[896/1000] loss0.693-|Sample:16.78|
EPOCH[897/1000] loss0.693-|Sample:15.97|
EPOCH[898/1000] loss0.693-|Sample:17.24|
EPOCH[899/1000] loss0.693-|Sample:18.18|
EPOCH[900/1000] loss0.693-|Sample:17.27|
[TEST]
{'precision': array([0.00149204]), 'recall': array([0.00348623]), 'ndcg': array([0.0020213])}
EPOCH[901/1000] loss0.693-|Sample:16.52|
EPOCH[902/1000] loss0.693-|Sample:15.93|
EPOCH[903/1000] loss0.693-|Sample:16.08|
EPOCH[904/1000] loss0.693-|Sample:15.93|
EPOCH[905/1000] loss0.693-|Sample:16.11|
EPOCH[906/1000] loss0.693-|Sample:15.07|
EPOCH[907/1000] loss0.693-|Sample:15.25|
EPOCH[908/1000] loss0.693-|Sample:15.92|
EPOCH[909/1000] loss0.693-|Sample:16.59|
EPOCH[910/1000] loss0.693-|Sample:16.52|
[TEST]
{'precision': array([0.00149204]), 'recall': array([0.00348623]), 'ndcg': array([0.0020213])}
EPOCH[911/1000] loss0.693-|Sample:16.53|
EPOCH[912/1000] loss0.693-|Sample:16.04|
EPOCH[913/1000] loss0.693-|Sample:15.83|
EPOCH[914/1000] loss0.693-|Sample:16.15|
EPOCH[915/1000] loss0.693-|Sample:16.08|
EPOCH[916/1000] loss0.693-|Sample:15.48|
EPOCH[917/1000] loss0.693-|Sample:17.23|
EPOCH[918/1000] loss0.693-|Sample:16.59|
EPOCH[919/1000] loss0.693-|Sample:16.90|
EPOCH[920/1000] loss0.693-|Sample:16.36|
[TEST]
{'precision': array([0.00149204]), 'recall': array([0.00348623]), 'ndcg': array([0.0020213])}
EPOCH[921/1000] loss0.693-|Sample:16.55|
EPOCH[922/1000] loss0.693-|Sample:16.27|
EPOCH[923/1000] loss0.693-|Sample:16.11|
EPOCH[924/1000] loss0.693-|Sample:16.14|
EPOCH[925/1000] loss0.693-|Sample:16.16|
EPOCH[926/1000] loss0.693-|Sample:15.32|
EPOCH[927/1000] loss0.693-|Sample:15.11|
EPOCH[928/1000] loss0.693-|Sample:15.90|
EPOCH[929/1000] loss0.693-|Sample:16.49|
EPOCH[930/1000] loss0.693-|Sample:16.58|
[TEST]
{'precision': array([0.00149204]), 'recall': array([0.00348623]), 'ndcg': array([0.0020213])}
EPOCH[931/1000] loss0.693-|Sample:16.77|
EPOCH[932/1000] loss0.693-|Sample:15.87|
EPOCH[933/1000] loss0.693-|Sample:16.19|
EPOCH[934/1000] loss0.693-|Sample:15.98|
EPOCH[935/1000] loss0.693-|Sample:16.35|
EPOCH[936/1000] loss0.693-|Sample:15.28|
EPOCH[937/1000] loss0.693-|Sample:15.46|
EPOCH[938/1000] loss0.693-|Sample:16.18|
EPOCH[939/1000] loss0.693-|Sample:16.60|
EPOCH[940/1000] loss0.693-|Sample:16.70|
[TEST]
{'precision': array([0.00149204]), 'recall': array([0.00348623]), 'ndcg': array([0.0020213])}
EPOCH[941/1000] loss0.693-|Sample:17.54|
EPOCH[942/1000] loss0.693-|Sample:16.47|
EPOCH[943/1000] loss0.693-|Sample:16.46|
EPOCH[944/1000] loss0.693-|Sample:16.44|
EPOCH[945/1000] loss0.693-|Sample:15.86|
EPOCH[946/1000] loss0.693-|Sample:15.54|
EPOCH[947/1000] loss0.693-|Sample:16.66|
EPOCH[948/1000] loss0.693-|Sample:16.89|
EPOCH[949/1000] loss0.693-|Sample:16.95|
EPOCH[950/1000] loss0.693-|Sample:16.56|
[TEST]
{'precision': array([0.00149204]), 'recall': array([0.00348623]), 'ndcg': array([0.0020213])}
EPOCH[951/1000] loss0.693-|Sample:19.77|
EPOCH[952/1000] loss0.693-|Sample:16.43|
EPOCH[953/1000] loss0.693-|Sample:16.17|
EPOCH[954/1000] loss0.693-|Sample:18.26|
EPOCH[955/1000] loss0.693-|Sample:17.09|
EPOCH[956/1000] loss0.693-|Sample:15.68|
EPOCH[957/1000] loss0.693-|Sample:15.35|
EPOCH[958/1000] loss0.693-|Sample:15.99|
EPOCH[959/1000] loss0.693-|Sample:16.71|
EPOCH[960/1000] loss0.693-|Sample:17.08|
[TEST]
{'precision': array([0.00149204]), 'recall': array([0.00348623]), 'ndcg': array([0.0020213])}
EPOCH[961/1000] loss0.693-|Sample:19.14|
EPOCH[962/1000] loss0.693-|Sample:17.34|
EPOCH[963/1000] loss0.693-|Sample:16.76|
EPOCH[964/1000] loss0.693-|Sample:16.40|
EPOCH[965/1000] loss0.693-|Sample:15.84|
EPOCH[966/1000] loss0.693-|Sample:15.59|
EPOCH[967/1000] loss0.693-|Sample:15.28|
EPOCH[968/1000] loss0.693-|Sample:16.31|
EPOCH[969/1000] loss0.693-|Sample:16.62|
EPOCH[970/1000] loss0.693-|Sample:17.11|
[TEST]
{'precision': array([0.00149204]), 'recall': array([0.00348623]), 'ndcg': array([0.0020213])}
EPOCH[971/1000] loss0.693-|Sample:16.51|
EPOCH[972/1000] loss0.693-|Sample:15.97|
EPOCH[973/1000] loss0.693-|Sample:18.69|
EPOCH[974/1000] loss0.693-|Sample:16.95|
EPOCH[975/1000] loss0.693-|Sample:16.58|
EPOCH[976/1000] loss0.693-|Sample:15.33|
EPOCH[977/1000] loss0.693-|Sample:15.70|
EPOCH[978/1000] loss0.693-|Sample:15.89|
EPOCH[979/1000] loss0.693-|Sample:16.87|
EPOCH[980/1000] loss0.693-|Sample:16.77|
[TEST]
{'precision': array([0.00149204]), 'recall': array([0.00348623]), 'ndcg': array([0.0020213])}
EPOCH[981/1000] loss0.693-|Sample:16.71|
EPOCH[982/1000] loss0.693-|Sample:16.16|
EPOCH[983/1000] loss0.693-|Sample:16.04|
EPOCH[984/1000] loss0.693-|Sample:16.35|
EPOCH[985/1000] loss0.693-|Sample:16.15|
EPOCH[986/1000] loss0.693-|Sample:15.90|
EPOCH[987/1000] loss0.693-|Sample:15.26|
EPOCH[988/1000] loss0.693-|Sample:16.09|
EPOCH[989/1000] loss0.693-|Sample:16.72|
EPOCH[990/1000] loss0.693-|Sample:17.00|
[TEST]
{'precision': array([0.00149204]), 'recall': array([0.00348623]), 'ndcg': array([0.0020213])}
EPOCH[991/1000] loss0.693-|Sample:16.68|
EPOCH[992/1000] loss0.693-|Sample:15.89|
EPOCH[993/1000] loss0.693-|Sample:16.35|
EPOCH[994/1000] loss0.693-|Sample:15.94|
EPOCH[995/1000] loss0.693-|Sample:16.31|
EPOCH[996/1000] loss0.693-|Sample:15.33|
EPOCH[997/1000] loss0.693-|Sample:15.52|
EPOCH[998/1000] loss0.693-|Sample:16.15|
EPOCH[999/1000] loss0.693-|Sample:16.82|
EPOCH[1000/1000] loss0.693-|Sample:16.63|
